#
# There is insufficient memory for the Java Runtime Environment to continue.
# Native memory allocation (mmap) failed to map 1073741824 bytes for committing reserved memory.
# Possible reasons:
#   The system is out of physical RAM or swap space
#   In 32 bit mode, the process size limit was hit
# Possible solutions:
#   Reduce memory load on the system
#   Increase physical memory or swap space
#   Check if swap backing store is full
#   Use 64 bit Java on a 64 bit OS
#   Decrease Java heap size (-Xmx/-Xms)
#   Decrease number of Java threads
#   Decrease Java thread stack sizes (-Xss)
#   Set larger code cache with -XX:ReservedCodeCacheSize=
# This output file may be truncated or incomplete.
#
#  Out of Memory Error (os_linux.cpp:2643), pid=3766, tid=0x00007f522f10a700
#
# JRE version:  (8.0_181-b13) (build )
# Java VM: OpenJDK 64-Bit Server VM (25.181-b13 mixed mode linux-amd64 compressed oops)
# Failed to write core dump. Core dumps have been disabled. To enable core dumping, try "ulimit -c unlimited" before starting Java again
#

---------------  T H R E A D  ---------------

Current thread (0x00007f522800b000):  JavaThread "Unknown thread" [_thread_in_vm, id=3767, stack(0x00007f522f00a000,0x00007f522f10b000)]

Stack: [0x00007f522f00a000,0x00007f522f10b000],  sp=0x00007f522f109460,  free space=1021k
Native frames: (J=compiled Java code, j=interpreted, Vv=VM code, C=native code)
V  [libjvm.so+0xa70edb]
V  [libjvm.so+0x4c893c]
V  [libjvm.so+0x8bdb67]
V  [libjvm.so+0x8b80cc]
V  [libjvm.so+0x597eec]
V  [libjvm.so+0x5980ac]
V  [libjvm.so+0x59ade5]
V  [libjvm.so+0x5ff446]
V  [libjvm.so+0x6003cd]
V  [libjvm.so+0x60086a]
V  [libjvm.so+0x5732ba]
V  [libjvm.so+0x57c0c5]
V  [libjvm.so+0xa34439]
V  [libjvm.so+0xa34682]
V  [libjvm.so+0x613e8f]
V  [libjvm.so+0xa19a2a]
V  [libjvm.so+0x68da82]  JNI_CreateJavaVM+0x62
C  [libjli.so+0x2f2e]
C  [libjli.so+0x74ed]
C  [libpthread.so.0+0x76ba]  start_thread+0xca


---------------  P R O C E S S  ---------------

Java Threads: ( => current thread )

Other Threads:

=>0x00007f522800b000 (exited) JavaThread "Unknown thread" [_thread_in_vm, id=3767, stack(0x00007f522f00a000,0x00007f522f10b000)]

VM state:not at safepoint (not fully initialized)

VM Mutex/Monitor currently owned by a thread:  ([mutex/lock_event])
[0x00007f5228007e80] Heap_lock - owner thread: 0x00007f522800b000

GC Heap History (0 events):
No events

Deoptimization events (0 events):
No events

Classes redefined (0 events):
No events

Internal exceptions (0 events):
No events

Events (0 events):
No events


Dynamic libraries:
00400000-00401000 r-xp 00000000 fd:01 273649                             /usr/lib/jvm/java-8-openjdk-amd64/jre/bin/java
00600000-00601000 r--p 00000000 fd:01 273649                             /usr/lib/jvm/java-8-openjdk-amd64/jre/bin/java
00601000-00602000 rw-p 00001000 fd:01 273649                             /usr/lib/jvm/java-8-openjdk-amd64/jre/bin/java
00a40000-00a61000 rw-p 00000000 00:00 0                                  [heap]
7f51f0000000-7f51f0021000 rw-p 00000000 00:00 0 
7f51f0021000-7f51f4000000 ---p 00000000 00:00 0 
7f51f8000000-7f51f8021000 rw-p 00000000 00:00 0 
7f51f8021000-7f51fc000000 ---p 00000000 00:00 0 
7f51fe000000-7f5200000000 rw-p 00000000 00:00 0 
7f5200000000-7f5200021000 rw-p 00000000 00:00 0 
7f5200021000-7f5204000000 ---p 00000000 00:00 0 
7f5204000000-7f5204021000 rw-p 00000000 00:00 0 
7f5204021000-7f5208000000 ---p 00000000 00:00 0 
7f5208000000-7f5208021000 rw-p 00000000 00:00 0 
7f5208021000-7f520c000000 ---p 00000000 00:00 0 
7f520c000000-7f520c021000 rw-p 00000000 00:00 0 
7f520c021000-7f5210000000 ---p 00000000 00:00 0 
7f52112fb000-7f52114fd000 rw-p 00000000 00:00 0 
7f52114fd000-7f52114fe000 ---p 00000000 00:00 0 
7f52114fe000-7f52115fe000 rw-p 00000000 00:00 0 
7f52115fe000-7f52115ff000 ---p 00000000 00:00 0 
7f52115ff000-7f52116ff000 rw-p 00000000 00:00 0 
7f52116ff000-7f5213eff000 ---p 00000000 00:00 0 
7f5213eff000-7f5213f00000 ---p 00000000 00:00 0 
7f5213f00000-7f5214000000 rw-p 00000000 00:00 0 
7f5214000000-7f5214021000 rw-p 00000000 00:00 0 
7f5214021000-7f5218000000 ---p 00000000 00:00 0 
7f5218013000-7f5218014000 ---p 00000000 00:00 0 
7f5218014000-7f5218114000 rw-p 00000000 00:00 0 
7f5218114000-7f5218115000 ---p 00000000 00:00 0 
7f5218115000-7f5218417000 rw-p 00000000 00:00 0 
7f5218417000-7f5218418000 ---p 00000000 00:00 0 
7f5218418000-7f5218518000 rw-p 00000000 00:00 0 
7f5218518000-7f5218519000 ---p 00000000 00:00 0 
7f5218519000-7f5218623000 rw-p 00000000 00:00 0 
7f5218623000-7f52189d9000 ---p 00000000 00:00 0 
7f52189d9000-7f5218c49000 rwxp 00000000 00:00 0 
7f5218c49000-7f52279d9000 ---p 00000000 00:00 0 
7f52279d9000-7f52279e1000 r-xp 00000000 fd:01 273603                     /usr/lib/jvm/java-8-openjdk-amd64/jre/lib/amd64/libzip.so
7f52279e1000-7f5227be0000 ---p 00008000 fd:01 273603                     /usr/lib/jvm/java-8-openjdk-amd64/jre/lib/amd64/libzip.so
7f5227be0000-7f5227be1000 r--p 00007000 fd:01 273603                     /usr/lib/jvm/java-8-openjdk-amd64/jre/lib/amd64/libzip.so
7f5227be1000-7f5227be2000 rw-p 00008000 fd:01 273603                     /usr/lib/jvm/java-8-openjdk-amd64/jre/lib/amd64/libzip.so
7f5227be2000-7f5227bed000 r-xp 00000000 fd:01 21199                      /lib/x86_64-linux-gnu/libnss_files-2.23.so
7f5227bed000-7f5227dec000 ---p 0000b000 fd:01 21199                      /lib/x86_64-linux-gnu/libnss_files-2.23.so
7f5227dec000-7f5227ded000 r--p 0000a000 fd:01 21199                      /lib/x86_64-linux-gnu/libnss_files-2.23.so
7f5227ded000-7f5227dee000 rw-p 0000b000 fd:01 21199                      /lib/x86_64-linux-gnu/libnss_files-2.23.so
7f5227dee000-7f5227df4000 rw-p 00000000 00:00 0 
7f5227df4000-7f5227dff000 r-xp 00000000 fd:01 21203                      /lib/x86_64-linux-gnu/libnss_nis-2.23.so
7f5227dff000-7f5227ffe000 ---p 0000b000 fd:01 21203                      /lib/x86_64-linux-gnu/libnss_nis-2.23.so
7f5227ffe000-7f5227fff000 r--p 0000a000 fd:01 21203                      /lib/x86_64-linux-gnu/libnss_nis-2.23.so
7f5227fff000-7f5228000000 rw-p 0000b000 fd:01 21203                      /lib/x86_64-linux-gnu/libnss_nis-2.23.so
7f5228000000-7f522805a000 rw-p 00000000 00:00 0 
7f522805a000-7f522c000000 ---p 00000000 00:00 0 
7f522c088000-7f522c09e000 r-xp 00000000 fd:01 21183                      /lib/x86_64-linux-gnu/libnsl-2.23.so
7f522c09e000-7f522c29d000 ---p 00016000 fd:01 21183                      /lib/x86_64-linux-gnu/libnsl-2.23.so
7f522c29d000-7f522c29e000 r--p 00015000 fd:01 21183                      /lib/x86_64-linux-gnu/libnsl-2.23.so
7f522c29e000-7f522c29f000 rw-p 00016000 fd:01 21183                      /lib/x86_64-linux-gnu/libnsl-2.23.so
7f522c29f000-7f522c2a1000 rw-p 00000000 00:00 0 
7f522c2a1000-7f522c2a9000 r-xp 00000000 fd:01 21194                      /lib/x86_64-linux-gnu/libnss_compat-2.23.so
7f522c2a9000-7f522c4a8000 ---p 00008000 fd:01 21194                      /lib/x86_64-linux-gnu/libnss_compat-2.23.so
7f522c4a8000-7f522c4a9000 r--p 00007000 fd:01 21194                      /lib/x86_64-linux-gnu/libnss_compat-2.23.so
7f522c4a9000-7f522c4aa000 rw-p 00008000 fd:01 21194                      /lib/x86_64-linux-gnu/libnss_compat-2.23.so
7f522c4aa000-7f522c4d7000 r-xp 00000000 fd:01 273620                     /usr/lib/jvm/java-8-openjdk-amd64/jre/lib/amd64/libjava.so
7f522c4d7000-7f522c6d6000 ---p 0002d000 fd:01 273620                     /usr/lib/jvm/java-8-openjdk-amd64/jre/lib/amd64/libjava.so
7f522c6d6000-7f522c6d7000 r--p 0002c000 fd:01 273620                     /usr/lib/jvm/java-8-openjdk-amd64/jre/lib/amd64/libjava.so
7f522c6d7000-7f522c6d9000 rw-p 0002d000 fd:01 273620                     /usr/lib/jvm/java-8-openjdk-amd64/jre/lib/amd64/libjava.so
7f522c6d9000-7f522c6e8000 r-xp 00000000 fd:01 273608                     /usr/lib/jvm/java-8-openjdk-amd64/jre/lib/amd64/libverify.so
7f522c6e8000-7f522c8e7000 ---p 0000f000 fd:01 273608                     /usr/lib/jvm/java-8-openjdk-amd64/jre/lib/amd64/libverify.so
7f522c8e7000-7f522c8e9000 r--p 0000e000 fd:01 273608                     /usr/lib/jvm/java-8-openjdk-amd64/jre/lib/amd64/libverify.so
7f522c8e9000-7f522c8ea000 rw-p 00010000 fd:01 273608                     /usr/lib/jvm/java-8-openjdk-amd64/jre/lib/amd64/libverify.so
7f522c8ea000-7f522c8f1000 r-xp 00000000 fd:01 21204                      /lib/x86_64-linux-gnu/librt-2.23.so
7f522c8f1000-7f522caf0000 ---p 00007000 fd:01 21204                      /lib/x86_64-linux-gnu/librt-2.23.so
7f522caf0000-7f522caf1000 r--p 00006000 fd:01 21204                      /lib/x86_64-linux-gnu/librt-2.23.so
7f522caf1000-7f522caf2000 rw-p 00007000 fd:01 21204                      /lib/x86_64-linux-gnu/librt-2.23.so
7f522caf2000-7f522cb08000 r-xp 00000000 fd:01 1965                       /lib/x86_64-linux-gnu/libgcc_s.so.1
7f522cb08000-7f522cd07000 ---p 00016000 fd:01 1965                       /lib/x86_64-linux-gnu/libgcc_s.so.1
7f522cd07000-7f522cd08000 rw-p 00015000 fd:01 1965                       /lib/x86_64-linux-gnu/libgcc_s.so.1
7f522cd08000-7f522ce10000 r-xp 00000000 fd:01 21182                      /lib/x86_64-linux-gnu/libm-2.23.so
7f522ce10000-7f522d00f000 ---p 00108000 fd:01 21182                      /lib/x86_64-linux-gnu/libm-2.23.so
7f522d00f000-7f522d010000 r--p 00107000 fd:01 21182                      /lib/x86_64-linux-gnu/libm-2.23.so
7f522d010000-7f522d011000 rw-p 00108000 fd:01 21182                      /lib/x86_64-linux-gnu/libm-2.23.so
7f522d011000-7f522d183000 r-xp 00000000 fd:01 5749                       /usr/lib/x86_64-linux-gnu/libstdc++.so.6.0.21
7f522d183000-7f522d383000 ---p 00172000 fd:01 5749                       /usr/lib/x86_64-linux-gnu/libstdc++.so.6.0.21
7f522d383000-7f522d38d000 r--p 00172000 fd:01 5749                       /usr/lib/x86_64-linux-gnu/libstdc++.so.6.0.21
7f522d38d000-7f522d38f000 rw-p 0017c000 fd:01 5749                       /usr/lib/x86_64-linux-gnu/libstdc++.so.6.0.21
7f522d38f000-7f522d393000 rw-p 00000000 00:00 0 
7f522d393000-7f522dff0000 r-xp 00000000 fd:01 273586                     /usr/lib/jvm/java-8-openjdk-amd64/jre/lib/amd64/server/libjvm.so
7f522dff0000-7f522e1f0000 ---p 00c5d000 fd:01 273586                     /usr/lib/jvm/java-8-openjdk-amd64/jre/lib/amd64/server/libjvm.so
7f522e1f0000-7f522e284000 r--p 00c5d000 fd:01 273586                     /usr/lib/jvm/java-8-openjdk-amd64/jre/lib/amd64/server/libjvm.so
7f522e284000-7f522e2ad000 rw-p 00cf1000 fd:01 273586                     /usr/lib/jvm/java-8-openjdk-amd64/jre/lib/amd64/server/libjvm.so
7f522e2ad000-7f522e2dd000 rw-p 00000000 00:00 0 
7f522e2dd000-7f522e2f5000 r-xp 00000000 fd:01 21185                      /lib/x86_64-linux-gnu/libpthread-2.23.so
7f522e2f5000-7f522e4f4000 ---p 00018000 fd:01 21185                      /lib/x86_64-linux-gnu/libpthread-2.23.so
7f522e4f4000-7f522e4f5000 r--p 00017000 fd:01 21185                      /lib/x86_64-linux-gnu/libpthread-2.23.so
7f522e4f5000-7f522e4f6000 rw-p 00018000 fd:01 21185                      /lib/x86_64-linux-gnu/libpthread-2.23.so
7f522e4f6000-7f522e4fa000 rw-p 00000000 00:00 0 
7f522e4fa000-7f522e4fd000 r-xp 00000000 fd:01 21188                      /lib/x86_64-linux-gnu/libdl-2.23.so
7f522e4fd000-7f522e6fc000 ---p 00003000 fd:01 21188                      /lib/x86_64-linux-gnu/libdl-2.23.so
7f522e6fc000-7f522e6fd000 r--p 00002000 fd:01 21188                      /lib/x86_64-linux-gnu/libdl-2.23.so
7f522e6fd000-7f522e6fe000 rw-p 00003000 fd:01 21188                      /lib/x86_64-linux-gnu/libdl-2.23.so
7f522e6fe000-7f522e717000 r-xp 00000000 fd:01 2120                       /lib/x86_64-linux-gnu/libz.so.1.2.8
7f522e717000-7f522e916000 ---p 00019000 fd:01 2120                       /lib/x86_64-linux-gnu/libz.so.1.2.8
7f522e916000-7f522e917000 r--p 00018000 fd:01 2120                       /lib/x86_64-linux-gnu/libz.so.1.2.8
7f522e917000-7f522e918000 rw-p 00019000 fd:01 2120                       /lib/x86_64-linux-gnu/libz.so.1.2.8
7f522e918000-7f522ead8000 r-xp 00000000 fd:01 21186                      /lib/x86_64-linux-gnu/libc-2.23.so
7f522ead8000-7f522ecd8000 ---p 001c0000 fd:01 21186                      /lib/x86_64-linux-gnu/libc-2.23.so
7f522ecd8000-7f522ecdc000 r--p 001c0000 fd:01 21186                      /lib/x86_64-linux-gnu/libc-2.23.so
7f522ecdc000-7f522ecde000 rw-p 001c4000 fd:01 21186                      /lib/x86_64-linux-gnu/libc-2.23.so
7f522ecde000-7f522ece2000 rw-p 00000000 00:00 0 
7f522ece2000-7f522ecef000 r-xp 00000000 fd:01 273605                     /usr/lib/jvm/java-8-openjdk-amd64/jre/lib/amd64/jli/libjli.so
7f522ecef000-7f522eeef000 ---p 0000d000 fd:01 273605                     /usr/lib/jvm/java-8-openjdk-amd64/jre/lib/amd64/jli/libjli.so
7f522eeef000-7f522eef0000 r--p 0000d000 fd:01 273605                     /usr/lib/jvm/java-8-openjdk-amd64/jre/lib/amd64/jli/libjli.so
7f522eef0000-7f522eef1000 rw-p 0000e000 fd:01 273605                     /usr/lib/jvm/java-8-openjdk-amd64/jre/lib/amd64/jli/libjli.so
7f522eef1000-7f522ef17000 r-xp 00000000 fd:01 21184                      /lib/x86_64-linux-gnu/ld-2.23.so
7f522ef3f000-7f522f002000 rw-p 00000000 00:00 0 
7f522f002000-7f522f00a000 rw-s 00000000 fd:01 268852                     /tmp/hsperfdata_ubuntu/3766
7f522f00a000-7f522f00d000 ---p 00000000 00:00 0 
7f522f00d000-7f522f10f000 rw-p 00000000 00:00 0 
7f522f113000-7f522f114000 rw-p 00000000 00:00 0 
7f522f114000-7f522f115000 r--p 00000000 00:00 0 
7f522f115000-7f522f116000 rw-p 00000000 00:00 0 
7f522f116000-7f522f117000 r--p 00025000 fd:01 21184                      /lib/x86_64-linux-gnu/ld-2.23.so
7f522f117000-7f522f118000 rw-p 00026000 fd:01 21184                      /lib/x86_64-linux-gnu/ld-2.23.so
7f522f118000-7f522f119000 rw-p 00000000 00:00 0 
7ffd15036000-7ffd15057000 rw-p 00000000 00:00 0                          [stack]
7ffd151bd000-7ffd151bf000 r--p 00000000 00:00 0                          [vvar]
7ffd151bf000-7ffd151c1000 r-xp 00000000 00:00 0                          [vdso]
ffffffffff600000-ffffffffff601000 r-xp 00000000 00:00 0                  [vsyscall]

VM Arguments:
jvm_args: -XX:+HeapDumpOnOutOfMemoryError -Xms1g -Xmx1g -XX:MaxMetaspaceSize=256m -XX:+UseG1GC -XX:MaxGCPauseMillis=100 -XX:G1ReservePercent=20 -Djava.security.egd=file:/dev/urandom -Duser.language=en -Duser.region=EN 
java_command: ./ApacheJMeter.jar -n -t test_plan_with_gateway_200.jmx -l result_with_gateway_no_monitoring_200.jtl
java_class_path (initial): ./ApacheJMeter.jar
Launcher Type: SUN_STANDARD

Environment Variables:
PATH=/home/ubuntu/bin:/home/ubuntu/.local/bin:/usr/local/sbin:/usr/local/bin:/usr/sbin:/usr/bin:/sbin:/bin:/usr/games:/usr/local/games:/snap/bin
SHELL=/bin/bash

Signal Handlers:
SIGSEGV: [libjvm.so+0xa71a30], sa_mask[0]=11111111011111111101111111111110, sa_flags=SA_RESTART|SA_SIGINFO
SIGBUS: [libjvm.so+0xa71a30], sa_mask[0]=11111111011111111101111111111110, sa_flags=SA_RESTART|SA_SIGINFO
SIGFPE: [libjvm.so+0x8b8f40], sa_mask[0]=11111111011111111101111111111110, sa_flags=SA_RESTART|SA_SIGINFO
SIGPIPE: [libjvm.so+0x8b8f40], sa_mask[0]=11111111011111111101111111111110, sa_flags=SA_RESTART|SA_SIGINFO
SIGXFSZ: [libjvm.so+0x8b8f40], sa_mask[0]=11111111011111111101111111111110, sa_flags=SA_RESTART|SA_SIGINFO
SIGILL: [libjvm.so+0x8b8f40], sa_mask[0]=11111111011111111101111111111110, sa_flags=SA_RESTART|SA_SIGINFO
SIGUSR1: SIG_DFL, sa_mask[0]=00000000000000000000000000000000, sa_flags=none
SIGUSR2: [libjvm.so+0x8b8df0], sa_mask[0]=00000000000000000000000000000000, sa_flags=SA_RESTART|SA_SIGINFO
SIGHUP: SIG_DFL, sa_mask[0]=00000000000000000000000000000000, sa_flags=none
SIGINT: SIG_DFL, sa_mask[0]=00000000000000000000000000000000, sa_flags=none
SIGTERM: SIG_DFL, sa_mask[0]=00000000000000000000000000000000, sa_flags=none
SIGQUIT: SIG_DFL, sa_mask[0]=00000000000000000000000000000000, sa_flags=none


---------------  S Y S T E M  ---------------

OS:DISTRIB_ID=Ubuntu
DISTRIB_RELEASE=16.04
DISTRIB_CODENAME=xenial
DISTRIB_DESCRIPTION="Ubuntu 16.04.4 LTS"

uname:Linux 4.4.0-104-generic #127-Ubuntu SMP Mon Dec 11 12:16:42 UTC 2017 x86_64
libc:glibc 2.23 NPTL 2.23 
rlimit: STACK 8192k, CORE 0k, NPROC 15750, NOFILE 1048576, AS infinity
load average:12.85 9.93 5.65

/proc/meminfo:
MemTotal:        4046388 kB
MemFree:          318244 kB
MemAvailable:     330364 kB
Buffers:           13628 kB
Cached:           234096 kB
SwapCached:            0 kB
Active:          3390676 kB
Inactive:         145076 kB
Active(anon):    3291656 kB
Inactive(anon):    42008 kB
Active(file):      99020 kB
Inactive(file):   103068 kB
Unevictable:        3660 kB
Mlocked:            3660 kB
SwapTotal:             0 kB
SwapFree:              0 kB
Dirty:              1292 kB
Writeback:             0 kB
AnonPages:       3291752 kB
Mapped:            64804 kB
Shmem:             43268 kB
Slab:             102244 kB
SReclaimable:      30404 kB
SUnreclaim:        71840 kB
KernelStack:       12032 kB
PageTables:        43080 kB
NFS_Unstable:          0 kB
Bounce:                0 kB
WritebackTmp:          0 kB
CommitLimit:     2023192 kB
Committed_AS:   14573096 kB
VmallocTotal:   34359738367 kB
VmallocUsed:           0 kB
VmallocChunk:          0 kB
HardwareCorrupted:     0 kB
AnonHugePages:   1103872 kB
CmaTotal:              0 kB
CmaFree:               0 kB
HugePages_Total:       0
HugePages_Free:        0
HugePages_Rsvd:        0
HugePages_Surp:        0
Hugepagesize:       2048 kB
DirectMap4k:      165744 kB
DirectMap2M:     4028416 kB
DirectMap1G:     2097152 kB


CPU:total 2 (initial active 2) (1 cores per cpu, 1 threads per core) family 6 model 60 stepping 1, cmov, cx8, fxsr, mmx, sse, sse2, sse3, ssse3, sse4.1, sse4.2, popcnt, avx, avx2, aes, clmul, erms, lzcnt, tsc, bmi1, bmi2

/proc/cpuinfo:
processor	: 0
vendor_id	: GenuineIntel
cpu family	: 6
model		: 60
model name	: Intel Core Processor (Haswell, no TSX)
stepping	: 1
microcode	: 0x1
cpu MHz		: 1799.998
cache size	: 16384 KB
physical id	: 0
siblings	: 1
core id		: 0
cpu cores	: 1
apicid		: 0
initial apicid	: 0
fpu		: yes
fpu_exception	: yes
cpuid level	: 13
wp		: yes
flags		: fpu vme de pse tsc msr pae mce cx8 apic sep mtrr pge mca cmov pat pse36 clflush mmx fxsr sse sse2 ss syscall nx pdpe1gb rdtscp lm constant_tsc rep_good nopl xtopology eagerfpu pni pclmulqdq ssse3 fma cx16 pcid sse4_1 sse4_2 x2apic movbe popcnt tsc_deadline_timer aes xsave avx f16c rdrand hypervisor lahf_lm abm fsgsbase tsc_adjust bmi1 avx2 smep bmi2 erms invpcid xsaveopt arat
bugs		:
bogomips	: 3599.99
clflush size	: 64
cache_alignment	: 64
address sizes	: 46 bits physical, 48 bits virtual
power management:

processor	: 1
vendor_id	: GenuineIntel
cpu family	: 6
model		: 60
model name	: Intel Core Processor (Haswell, no TSX)
stepping	: 1
microcode	: 0x1
cpu MHz		: 1799.998
cache size	: 16384 KB
physical id	: 1
siblings	: 1
core id		: 0
cpu cores	: 1
apicid		: 1
initial apicid	: 1
fpu		: yes
fpu_exception	: yes
cpuid level	: 13
wp		: yes
flags		: fpu vme de pse tsc msr pae mce cx8 apic sep mtrr pge mca cmov pat pse36 clflush mmx fxsr sse sse2 ss syscall nx pdpe1gb rdtscp lm constant_tsc rep_good nopl xtopology eagerfpu pni pclmulqdq ssse3 fma cx16 pcid sse4_1 sse4_2 x2apic movbe popcnt tsc_deadline_timer aes xsave avx f16c rdrand hypervisor lahf_lm abm fsgsbase tsc_adjust bmi1 avx2 smep bmi2 erms invpcid xsaveopt arat
bugs		:
bogomips	: 3599.99
clflush size	: 64
cache_alignment	: 64
address sizes	: 46 bits physical, 48 bits virtual
power management:



Memory: 4k page, physical 4046388k(318244k free), swap 0k(0k free)

vm_info: OpenJDK 64-Bit Server VM (25.181-b13) for linux-amd64 JRE (1.8.0_181-8u181-b13-0ubuntu0.16.04.1-b13), built on Jul 30 2018 21:06:27 by "buildd" with gcc 5.4.0 20160609

time: Tue Aug 28 18:01:43 2018
elapsed time: 0 seconds (0d 0h 0m 0s)

