#
# There is insufficient memory for the Java Runtime Environment to continue.
# Native memory allocation (mmap) failed to map 1073741824 bytes for committing reserved memory.
# Possible reasons:
#   The system is out of physical RAM or swap space
#   In 32 bit mode, the process size limit was hit
# Possible solutions:
#   Reduce memory load on the system
#   Increase physical memory or swap space
#   Check if swap backing store is full
#   Use 64 bit Java on a 64 bit OS
#   Decrease Java heap size (-Xmx/-Xms)
#   Decrease number of Java threads
#   Decrease Java thread stack sizes (-Xss)
#   Set larger code cache with -XX:ReservedCodeCacheSize=
# This output file may be truncated or incomplete.
#
#  Out of Memory Error (os_linux.cpp:2643), pid=3857, tid=0x00007f05300a6700
#
# JRE version:  (8.0_181-b13) (build )
# Java VM: OpenJDK 64-Bit Server VM (25.181-b13 mixed mode linux-amd64 compressed oops)
# Failed to write core dump. Core dumps have been disabled. To enable core dumping, try "ulimit -c unlimited" before starting Java again
#

---------------  T H R E A D  ---------------

Current thread (0x00007f052800b000):  JavaThread "Unknown thread" [_thread_in_vm, id=3858, stack(0x00007f052ffa6000,0x00007f05300a7000)]

Stack: [0x00007f052ffa6000,0x00007f05300a7000],  sp=0x00007f05300a5460,  free space=1021k
Native frames: (J=compiled Java code, j=interpreted, Vv=VM code, C=native code)
V  [libjvm.so+0xa70edb]
V  [libjvm.so+0x4c893c]
V  [libjvm.so+0x8bdb67]
V  [libjvm.so+0x8b80cc]
V  [libjvm.so+0x597eec]
V  [libjvm.so+0x5980ac]
V  [libjvm.so+0x59ade5]
V  [libjvm.so+0x5ff446]
V  [libjvm.so+0x6003cd]
V  [libjvm.so+0x60086a]
V  [libjvm.so+0x5732ba]
V  [libjvm.so+0x57c0c5]
V  [libjvm.so+0xa34439]
V  [libjvm.so+0xa34682]
V  [libjvm.so+0x613e8f]
V  [libjvm.so+0xa19a2a]
V  [libjvm.so+0x68da82]  JNI_CreateJavaVM+0x62
C  [libjli.so+0x2f2e]
C  [libjli.so+0x74ed]
C  [libpthread.so.0+0x76ba]  start_thread+0xca


---------------  P R O C E S S  ---------------

Java Threads: ( => current thread )

Other Threads:

=>0x00007f052800b000 (exited) JavaThread "Unknown thread" [_thread_in_vm, id=3858, stack(0x00007f052ffa6000,0x00007f05300a7000)]

VM state:not at safepoint (not fully initialized)

VM Mutex/Monitor currently owned by a thread:  ([mutex/lock_event])
[0x00007f0528007e80] Heap_lock - owner thread: 0x00007f052800b000

GC Heap History (0 events):
No events

Deoptimization events (0 events):
No events

Classes redefined (0 events):
No events

Internal exceptions (0 events):
No events

Events (0 events):
No events


Dynamic libraries:
00400000-00401000 r-xp 00000000 fd:01 273649                             /usr/lib/jvm/java-8-openjdk-amd64/jre/bin/java
00600000-00601000 r--p 00000000 fd:01 273649                             /usr/lib/jvm/java-8-openjdk-amd64/jre/bin/java
00601000-00602000 rw-p 00001000 fd:01 273649                             /usr/lib/jvm/java-8-openjdk-amd64/jre/bin/java
009a8000-009c9000 rw-p 00000000 00:00 0                                  [heap]
7f04fc000000-7f04fc021000 rw-p 00000000 00:00 0 
7f04fc021000-7f0500000000 ---p 00000000 00:00 0 
7f0500000000-7f0502000000 rw-p 00000000 00:00 0 
7f0502000000-7f0504000000 ---p 00000000 00:00 0 
7f0504000000-7f0504021000 rw-p 00000000 00:00 0 
7f0504021000-7f0508000000 ---p 00000000 00:00 0 
7f0508000000-7f0508021000 rw-p 00000000 00:00 0 
7f0508021000-7f050c000000 ---p 00000000 00:00 0 
7f050c000000-7f050c021000 rw-p 00000000 00:00 0 
7f050c021000-7f0510000000 ---p 00000000 00:00 0 
7f0510000000-7f0510021000 rw-p 00000000 00:00 0 
7f0510021000-7f0514000000 ---p 00000000 00:00 0 
7f0514000000-7f0514021000 rw-p 00000000 00:00 0 
7f0514021000-7f0518000000 ---p 00000000 00:00 0 
7f05182fb000-7f05184fd000 rw-p 00000000 00:00 0 
7f05184fd000-7f05184fe000 ---p 00000000 00:00 0 
7f05184fe000-7f05185fe000 rw-p 00000000 00:00 0 
7f05185fe000-7f05185ff000 ---p 00000000 00:00 0 
7f05185ff000-7f05186ff000 rw-p 00000000 00:00 0 
7f05186ff000-7f0518eff000 ---p 00000000 00:00 0 
7f0518eff000-7f0518f00000 ---p 00000000 00:00 0 
7f0518f00000-7f0519000000 rw-p 00000000 00:00 0 
7f0519000000-7f0519270000 rwxp 00000000 00:00 0 
7f0519270000-7f0528000000 ---p 00000000 00:00 0 
7f0528000000-7f052805a000 rw-p 00000000 00:00 0 
7f052805a000-7f052c000000 ---p 00000000 00:00 0 
7f052c037000-7f052c038000 ---p 00000000 00:00 0 
7f052c038000-7f052c138000 rw-p 00000000 00:00 0 
7f052c138000-7f052c139000 ---p 00000000 00:00 0 
7f052c139000-7f052c43b000 rw-p 00000000 00:00 0 
7f052c43b000-7f052c43c000 ---p 00000000 00:00 0 
7f052c43c000-7f052c53c000 rw-p 00000000 00:00 0 
7f052c53c000-7f052c53d000 ---p 00000000 00:00 0 
7f052c53d000-7f052c647000 rw-p 00000000 00:00 0 
7f052c647000-7f052c9fd000 ---p 00000000 00:00 0 
7f052c9fd000-7f052ca05000 r-xp 00000000 fd:01 273603                     /usr/lib/jvm/java-8-openjdk-amd64/jre/lib/amd64/libzip.so
7f052ca05000-7f052cc04000 ---p 00008000 fd:01 273603                     /usr/lib/jvm/java-8-openjdk-amd64/jre/lib/amd64/libzip.so
7f052cc04000-7f052cc05000 r--p 00007000 fd:01 273603                     /usr/lib/jvm/java-8-openjdk-amd64/jre/lib/amd64/libzip.so
7f052cc05000-7f052cc06000 rw-p 00008000 fd:01 273603                     /usr/lib/jvm/java-8-openjdk-amd64/jre/lib/amd64/libzip.so
7f052cc06000-7f052cc11000 r-xp 00000000 fd:01 21199                      /lib/x86_64-linux-gnu/libnss_files-2.23.so
7f052cc11000-7f052ce10000 ---p 0000b000 fd:01 21199                      /lib/x86_64-linux-gnu/libnss_files-2.23.so
7f052ce10000-7f052ce11000 r--p 0000a000 fd:01 21199                      /lib/x86_64-linux-gnu/libnss_files-2.23.so
7f052ce11000-7f052ce12000 rw-p 0000b000 fd:01 21199                      /lib/x86_64-linux-gnu/libnss_files-2.23.so
7f052ce12000-7f052ce18000 rw-p 00000000 00:00 0 
7f052ce18000-7f052ce23000 r-xp 00000000 fd:01 21203                      /lib/x86_64-linux-gnu/libnss_nis-2.23.so
7f052ce23000-7f052d022000 ---p 0000b000 fd:01 21203                      /lib/x86_64-linux-gnu/libnss_nis-2.23.so
7f052d022000-7f052d023000 r--p 0000a000 fd:01 21203                      /lib/x86_64-linux-gnu/libnss_nis-2.23.so
7f052d023000-7f052d024000 rw-p 0000b000 fd:01 21203                      /lib/x86_64-linux-gnu/libnss_nis-2.23.so
7f052d024000-7f052d03a000 r-xp 00000000 fd:01 21183                      /lib/x86_64-linux-gnu/libnsl-2.23.so
7f052d03a000-7f052d239000 ---p 00016000 fd:01 21183                      /lib/x86_64-linux-gnu/libnsl-2.23.so
7f052d239000-7f052d23a000 r--p 00015000 fd:01 21183                      /lib/x86_64-linux-gnu/libnsl-2.23.so
7f052d23a000-7f052d23b000 rw-p 00016000 fd:01 21183                      /lib/x86_64-linux-gnu/libnsl-2.23.so
7f052d23b000-7f052d23d000 rw-p 00000000 00:00 0 
7f052d23d000-7f052d245000 r-xp 00000000 fd:01 21194                      /lib/x86_64-linux-gnu/libnss_compat-2.23.so
7f052d245000-7f052d444000 ---p 00008000 fd:01 21194                      /lib/x86_64-linux-gnu/libnss_compat-2.23.so
7f052d444000-7f052d445000 r--p 00007000 fd:01 21194                      /lib/x86_64-linux-gnu/libnss_compat-2.23.so
7f052d445000-7f052d446000 rw-p 00008000 fd:01 21194                      /lib/x86_64-linux-gnu/libnss_compat-2.23.so
7f052d446000-7f052d473000 r-xp 00000000 fd:01 273620                     /usr/lib/jvm/java-8-openjdk-amd64/jre/lib/amd64/libjava.so
7f052d473000-7f052d672000 ---p 0002d000 fd:01 273620                     /usr/lib/jvm/java-8-openjdk-amd64/jre/lib/amd64/libjava.so
7f052d672000-7f052d673000 r--p 0002c000 fd:01 273620                     /usr/lib/jvm/java-8-openjdk-amd64/jre/lib/amd64/libjava.so
7f052d673000-7f052d675000 rw-p 0002d000 fd:01 273620                     /usr/lib/jvm/java-8-openjdk-amd64/jre/lib/amd64/libjava.so
7f052d675000-7f052d684000 r-xp 00000000 fd:01 273608                     /usr/lib/jvm/java-8-openjdk-amd64/jre/lib/amd64/libverify.so
7f052d684000-7f052d883000 ---p 0000f000 fd:01 273608                     /usr/lib/jvm/java-8-openjdk-amd64/jre/lib/amd64/libverify.so
7f052d883000-7f052d885000 r--p 0000e000 fd:01 273608                     /usr/lib/jvm/java-8-openjdk-amd64/jre/lib/amd64/libverify.so
7f052d885000-7f052d886000 rw-p 00010000 fd:01 273608                     /usr/lib/jvm/java-8-openjdk-amd64/jre/lib/amd64/libverify.so
7f052d886000-7f052d88d000 r-xp 00000000 fd:01 21204                      /lib/x86_64-linux-gnu/librt-2.23.so
7f052d88d000-7f052da8c000 ---p 00007000 fd:01 21204                      /lib/x86_64-linux-gnu/librt-2.23.so
7f052da8c000-7f052da8d000 r--p 00006000 fd:01 21204                      /lib/x86_64-linux-gnu/librt-2.23.so
7f052da8d000-7f052da8e000 rw-p 00007000 fd:01 21204                      /lib/x86_64-linux-gnu/librt-2.23.so
7f052da8e000-7f052daa4000 r-xp 00000000 fd:01 1965                       /lib/x86_64-linux-gnu/libgcc_s.so.1
7f052daa4000-7f052dca3000 ---p 00016000 fd:01 1965                       /lib/x86_64-linux-gnu/libgcc_s.so.1
7f052dca3000-7f052dca4000 rw-p 00015000 fd:01 1965                       /lib/x86_64-linux-gnu/libgcc_s.so.1
7f052dca4000-7f052ddac000 r-xp 00000000 fd:01 21182                      /lib/x86_64-linux-gnu/libm-2.23.so
7f052ddac000-7f052dfab000 ---p 00108000 fd:01 21182                      /lib/x86_64-linux-gnu/libm-2.23.so
7f052dfab000-7f052dfac000 r--p 00107000 fd:01 21182                      /lib/x86_64-linux-gnu/libm-2.23.so
7f052dfac000-7f052dfad000 rw-p 00108000 fd:01 21182                      /lib/x86_64-linux-gnu/libm-2.23.so
7f052dfad000-7f052e11f000 r-xp 00000000 fd:01 5749                       /usr/lib/x86_64-linux-gnu/libstdc++.so.6.0.21
7f052e11f000-7f052e31f000 ---p 00172000 fd:01 5749                       /usr/lib/x86_64-linux-gnu/libstdc++.so.6.0.21
7f052e31f000-7f052e329000 r--p 00172000 fd:01 5749                       /usr/lib/x86_64-linux-gnu/libstdc++.so.6.0.21
7f052e329000-7f052e32b000 rw-p 0017c000 fd:01 5749                       /usr/lib/x86_64-linux-gnu/libstdc++.so.6.0.21
7f052e32b000-7f052e32f000 rw-p 00000000 00:00 0 
7f052e32f000-7f052ef8c000 r-xp 00000000 fd:01 273586                     /usr/lib/jvm/java-8-openjdk-amd64/jre/lib/amd64/server/libjvm.so
7f052ef8c000-7f052f18c000 ---p 00c5d000 fd:01 273586                     /usr/lib/jvm/java-8-openjdk-amd64/jre/lib/amd64/server/libjvm.so
7f052f18c000-7f052f220000 r--p 00c5d000 fd:01 273586                     /usr/lib/jvm/java-8-openjdk-amd64/jre/lib/amd64/server/libjvm.so
7f052f220000-7f052f249000 rw-p 00cf1000 fd:01 273586                     /usr/lib/jvm/java-8-openjdk-amd64/jre/lib/amd64/server/libjvm.so
7f052f249000-7f052f279000 rw-p 00000000 00:00 0 
7f052f279000-7f052f291000 r-xp 00000000 fd:01 21185                      /lib/x86_64-linux-gnu/libpthread-2.23.so
7f052f291000-7f052f490000 ---p 00018000 fd:01 21185                      /lib/x86_64-linux-gnu/libpthread-2.23.so
7f052f490000-7f052f491000 r--p 00017000 fd:01 21185                      /lib/x86_64-linux-gnu/libpthread-2.23.so
7f052f491000-7f052f492000 rw-p 00018000 fd:01 21185                      /lib/x86_64-linux-gnu/libpthread-2.23.so
7f052f492000-7f052f496000 rw-p 00000000 00:00 0 
7f052f496000-7f052f499000 r-xp 00000000 fd:01 21188                      /lib/x86_64-linux-gnu/libdl-2.23.so
7f052f499000-7f052f698000 ---p 00003000 fd:01 21188                      /lib/x86_64-linux-gnu/libdl-2.23.so
7f052f698000-7f052f699000 r--p 00002000 fd:01 21188                      /lib/x86_64-linux-gnu/libdl-2.23.so
7f052f699000-7f052f69a000 rw-p 00003000 fd:01 21188                      /lib/x86_64-linux-gnu/libdl-2.23.so
7f052f69a000-7f052f6b3000 r-xp 00000000 fd:01 2120                       /lib/x86_64-linux-gnu/libz.so.1.2.8
7f052f6b3000-7f052f8b2000 ---p 00019000 fd:01 2120                       /lib/x86_64-linux-gnu/libz.so.1.2.8
7f052f8b2000-7f052f8b3000 r--p 00018000 fd:01 2120                       /lib/x86_64-linux-gnu/libz.so.1.2.8
7f052f8b3000-7f052f8b4000 rw-p 00019000 fd:01 2120                       /lib/x86_64-linux-gnu/libz.so.1.2.8
7f052f8b4000-7f052fa74000 r-xp 00000000 fd:01 21186                      /lib/x86_64-linux-gnu/libc-2.23.so
7f052fa74000-7f052fc74000 ---p 001c0000 fd:01 21186                      /lib/x86_64-linux-gnu/libc-2.23.so
7f052fc74000-7f052fc78000 r--p 001c0000 fd:01 21186                      /lib/x86_64-linux-gnu/libc-2.23.so
7f052fc78000-7f052fc7a000 rw-p 001c4000 fd:01 21186                      /lib/x86_64-linux-gnu/libc-2.23.so
7f052fc7a000-7f052fc7e000 rw-p 00000000 00:00 0 
7f052fc7e000-7f052fc8b000 r-xp 00000000 fd:01 273605                     /usr/lib/jvm/java-8-openjdk-amd64/jre/lib/amd64/jli/libjli.so
7f052fc8b000-7f052fe8b000 ---p 0000d000 fd:01 273605                     /usr/lib/jvm/java-8-openjdk-amd64/jre/lib/amd64/jli/libjli.so
7f052fe8b000-7f052fe8c000 r--p 0000d000 fd:01 273605                     /usr/lib/jvm/java-8-openjdk-amd64/jre/lib/amd64/jli/libjli.so
7f052fe8c000-7f052fe8d000 rw-p 0000e000 fd:01 273605                     /usr/lib/jvm/java-8-openjdk-amd64/jre/lib/amd64/jli/libjli.so
7f052fe8d000-7f052feb3000 r-xp 00000000 fd:01 21184                      /lib/x86_64-linux-gnu/ld-2.23.so
7f052fedb000-7f052ff9e000 rw-p 00000000 00:00 0 
7f052ff9e000-7f052ffa6000 rw-s 00000000 fd:01 268852                     /tmp/hsperfdata_ubuntu/3857
7f052ffa6000-7f052ffa9000 ---p 00000000 00:00 0 
7f052ffa9000-7f05300ab000 rw-p 00000000 00:00 0 
7f05300af000-7f05300b0000 rw-p 00000000 00:00 0 
7f05300b0000-7f05300b1000 r--p 00000000 00:00 0 
7f05300b1000-7f05300b2000 rw-p 00000000 00:00 0 
7f05300b2000-7f05300b3000 r--p 00025000 fd:01 21184                      /lib/x86_64-linux-gnu/ld-2.23.so
7f05300b3000-7f05300b4000 rw-p 00026000 fd:01 21184                      /lib/x86_64-linux-gnu/ld-2.23.so
7f05300b4000-7f05300b5000 rw-p 00000000 00:00 0 
7ffc7cebb000-7ffc7cedc000 rw-p 00000000 00:00 0                          [stack]
7ffc7cfc6000-7ffc7cfc8000 r--p 00000000 00:00 0                          [vvar]
7ffc7cfc8000-7ffc7cfca000 r-xp 00000000 00:00 0                          [vdso]
ffffffffff600000-ffffffffff601000 r-xp 00000000 00:00 0                  [vsyscall]

VM Arguments:
jvm_args: -XX:+HeapDumpOnOutOfMemoryError -Xms1g -Xmx1g -XX:MaxMetaspaceSize=256m -XX:+UseG1GC -XX:MaxGCPauseMillis=100 -XX:G1ReservePercent=20 -Djava.security.egd=file:/dev/urandom -Duser.language=en -Duser.region=EN 
java_command: ./ApacheJMeter.jar -n -t test_plan_with_gateway_200.jmx -l result_with_gateway_no_monitoring_200.jtl
java_class_path (initial): ./ApacheJMeter.jar
Launcher Type: SUN_STANDARD

Environment Variables:
PATH=/home/ubuntu/bin:/home/ubuntu/.local/bin:/usr/local/sbin:/usr/local/bin:/usr/sbin:/usr/bin:/sbin:/bin:/usr/games:/usr/local/games:/snap/bin
SHELL=/bin/bash

Signal Handlers:
SIGSEGV: [libjvm.so+0xa71a30], sa_mask[0]=11111111011111111101111111111110, sa_flags=SA_RESTART|SA_SIGINFO
SIGBUS: [libjvm.so+0xa71a30], sa_mask[0]=11111111011111111101111111111110, sa_flags=SA_RESTART|SA_SIGINFO
SIGFPE: [libjvm.so+0x8b8f40], sa_mask[0]=11111111011111111101111111111110, sa_flags=SA_RESTART|SA_SIGINFO
SIGPIPE: [libjvm.so+0x8b8f40], sa_mask[0]=11111111011111111101111111111110, sa_flags=SA_RESTART|SA_SIGINFO
SIGXFSZ: [libjvm.so+0x8b8f40], sa_mask[0]=11111111011111111101111111111110, sa_flags=SA_RESTART|SA_SIGINFO
SIGILL: [libjvm.so+0x8b8f40], sa_mask[0]=11111111011111111101111111111110, sa_flags=SA_RESTART|SA_SIGINFO
SIGUSR1: SIG_DFL, sa_mask[0]=00000000000000000000000000000000, sa_flags=none
SIGUSR2: [libjvm.so+0x8b8df0], sa_mask[0]=00000000000000000000000000000000, sa_flags=SA_RESTART|SA_SIGINFO
SIGHUP: SIG_DFL, sa_mask[0]=00000000000000000000000000000000, sa_flags=none
SIGINT: SIG_DFL, sa_mask[0]=00000000000000000000000000000000, sa_flags=none
SIGTERM: SIG_DFL, sa_mask[0]=00000000000000000000000000000000, sa_flags=none
SIGQUIT: SIG_DFL, sa_mask[0]=00000000000000000000000000000000, sa_flags=none


---------------  S Y S T E M  ---------------

OS:DISTRIB_ID=Ubuntu
DISTRIB_RELEASE=16.04
DISTRIB_CODENAME=xenial
DISTRIB_DESCRIPTION="Ubuntu 16.04.4 LTS"

uname:Linux 4.4.0-104-generic #127-Ubuntu SMP Mon Dec 11 12:16:42 UTC 2017 x86_64
libc:glibc 2.23 NPTL 2.23 
rlimit: STACK 8192k, CORE 0k, NPROC 15750, NOFILE 1048576, AS infinity
load average:9.33 9.31 5.54

/proc/meminfo:
MemTotal:        4046388 kB
MemFree:          287664 kB
MemAvailable:     302044 kB
Buffers:           13692 kB
Cached:           236356 kB
SwapCached:            0 kB
Active:          3429524 kB
Inactive:         137752 kB
Active(anon):    3320936 kB
Inactive(anon):    42008 kB
Active(file):     108588 kB
Inactive(file):    95744 kB
Unevictable:        3660 kB
Mlocked:            3660 kB
SwapTotal:             0 kB
SwapFree:              0 kB
Dirty:               188 kB
Writeback:             0 kB
AnonPages:       3321080 kB
Mapped:            65420 kB
Shmem:             43268 kB
Slab:             100000 kB
SReclaimable:      30436 kB
SUnreclaim:        69564 kB
KernelStack:       12864 kB
PageTables:        43108 kB
NFS_Unstable:          0 kB
Bounce:                0 kB
WritebackTmp:          0 kB
CommitLimit:     2023192 kB
Committed_AS:   14663172 kB
VmallocTotal:   34359738367 kB
VmallocUsed:           0 kB
VmallocChunk:          0 kB
HardwareCorrupted:     0 kB
AnonHugePages:   1124352 kB
CmaTotal:              0 kB
CmaFree:               0 kB
HugePages_Total:       0
HugePages_Free:        0
HugePages_Rsvd:        0
HugePages_Surp:        0
Hugepagesize:       2048 kB
DirectMap4k:      165744 kB
DirectMap2M:     4028416 kB
DirectMap1G:     2097152 kB


CPU:total 2 (initial active 2) (1 cores per cpu, 1 threads per core) family 6 model 60 stepping 1, cmov, cx8, fxsr, mmx, sse, sse2, sse3, ssse3, sse4.1, sse4.2, popcnt, avx, avx2, aes, clmul, erms, lzcnt, tsc, bmi1, bmi2

/proc/cpuinfo:
processor	: 0
vendor_id	: GenuineIntel
cpu family	: 6
model		: 60
model name	: Intel Core Processor (Haswell, no TSX)
stepping	: 1
microcode	: 0x1
cpu MHz		: 1799.998
cache size	: 16384 KB
physical id	: 0
siblings	: 1
core id		: 0
cpu cores	: 1
apicid		: 0
initial apicid	: 0
fpu		: yes
fpu_exception	: yes
cpuid level	: 13
wp		: yes
flags		: fpu vme de pse tsc msr pae mce cx8 apic sep mtrr pge mca cmov pat pse36 clflush mmx fxsr sse sse2 ss syscall nx pdpe1gb rdtscp lm constant_tsc rep_good nopl xtopology eagerfpu pni pclmulqdq ssse3 fma cx16 pcid sse4_1 sse4_2 x2apic movbe popcnt tsc_deadline_timer aes xsave avx f16c rdrand hypervisor lahf_lm abm fsgsbase tsc_adjust bmi1 avx2 smep bmi2 erms invpcid xsaveopt arat
bugs		:
bogomips	: 3599.99
clflush size	: 64
cache_alignment	: 64
address sizes	: 46 bits physical, 48 bits virtual
power management:

processor	: 1
vendor_id	: GenuineIntel
cpu family	: 6
model		: 60
model name	: Intel Core Processor (Haswell, no TSX)
stepping	: 1
microcode	: 0x1
cpu MHz		: 1799.998
cache size	: 16384 KB
physical id	: 1
siblings	: 1
core id		: 0
cpu cores	: 1
apicid		: 1
initial apicid	: 1
fpu		: yes
fpu_exception	: yes
cpuid level	: 13
wp		: yes
flags		: fpu vme de pse tsc msr pae mce cx8 apic sep mtrr pge mca cmov pat pse36 clflush mmx fxsr sse sse2 ss syscall nx pdpe1gb rdtscp lm constant_tsc rep_good nopl xtopology eagerfpu pni pclmulqdq ssse3 fma cx16 pcid sse4_1 sse4_2 x2apic movbe popcnt tsc_deadline_timer aes xsave avx f16c rdrand hypervisor lahf_lm abm fsgsbase tsc_adjust bmi1 avx2 smep bmi2 erms invpcid xsaveopt arat
bugs		:
bogomips	: 3599.99
clflush size	: 64
cache_alignment	: 64
address sizes	: 46 bits physical, 48 bits virtual
power management:



Memory: 4k page, physical 4046388k(287664k free), swap 0k(0k free)

vm_info: OpenJDK 64-Bit Server VM (25.181-b13) for linux-amd64 JRE (1.8.0_181-8u181-b13-0ubuntu0.16.04.1-b13), built on Jul 30 2018 21:06:27 by "buildd" with gcc 5.4.0 20160609

time: Tue Aug 28 18:02:04 2018
elapsed time: 0 seconds (0d 0h 0m 0s)

