2018-08-26 20:31:25,063 INFO o.a.j.u.JMeterUtils: Setting Locale to en_EN
2018-08-26 20:31:25,092 INFO o.a.j.JMeter: Loading user properties from: user.properties
2018-08-26 20:31:25,097 INFO o.a.j.JMeter: Loading system properties from: system.properties
2018-08-26 20:31:25,104 INFO o.a.j.JMeter: Copyright (c) 1998-2018 The Apache Software Foundation
2018-08-26 20:31:25,105 INFO o.a.j.JMeter: Version 4.0 r1823414
2018-08-26 20:31:25,105 INFO o.a.j.JMeter: java.version=1.8.0_181
2018-08-26 20:31:25,105 INFO o.a.j.JMeter: java.vm.name=OpenJDK 64-Bit Server VM
2018-08-26 20:31:25,105 INFO o.a.j.JMeter: os.name=Linux
2018-08-26 20:31:25,105 INFO o.a.j.JMeter: os.arch=amd64
2018-08-26 20:31:25,105 INFO o.a.j.JMeter: os.version=4.4.0-104-generic
2018-08-26 20:31:25,105 INFO o.a.j.JMeter: file.encoding=ANSI_X3.4-1968
2018-08-26 20:31:25,105 INFO o.a.j.JMeter: Max memory     =1073741824
2018-08-26 20:31:25,105 INFO o.a.j.JMeter: Available Processors =2
2018-08-26 20:31:25,115 INFO o.a.j.JMeter: Default Locale=English (EN)
2018-08-26 20:31:25,115 INFO o.a.j.JMeter: JMeter  Locale=English (EN)
2018-08-26 20:31:25,116 INFO o.a.j.JMeter: JMeterHome=/home/ubuntu/jmeter_source_code/apache-jmeter-4.0
2018-08-26 20:31:25,116 INFO o.a.j.JMeter: user.dir  =/home/ubuntu/jmeter_source_code/apache-jmeter-4.0/bin
2018-08-26 20:31:25,116 INFO o.a.j.JMeter: PWD       =/home/ubuntu/jmeter_source_code/apache-jmeter-4.0/bin
2018-08-26 20:31:25,118 ERROR o.a.j.u.JMeterUtils: Unable to get local host IP address.
java.net.UnknownHostException: b: b: Name or service not known
	at java.net.InetAddress.getLocalHost(InetAddress.java:1505) ~[?:1.8.0_181]
	at org.apache.jmeter.util.JMeterUtils.getLocalHostDetails(JMeterUtils.java:1066) [ApacheJMeter_core.jar:4.0 r1823414]
	at org.apache.jmeter.util.JMeterUtils.getLocalHostIP(JMeterUtils.java:1032) [ApacheJMeter_core.jar:4.0 r1823414]
	at org.apache.jmeter.JMeter.start(JMeter.java:467) [ApacheJMeter_core.jar:4.0 r1823414]
	at sun.reflect.NativeMethodAccessorImpl.invoke0(Native Method) ~[?:1.8.0_181]
	at sun.reflect.NativeMethodAccessorImpl.invoke(NativeMethodAccessorImpl.java:62) ~[?:1.8.0_181]
	at sun.reflect.DelegatingMethodAccessorImpl.invoke(DelegatingMethodAccessorImpl.java:43) ~[?:1.8.0_181]
	at java.lang.reflect.Method.invoke(Method.java:498) ~[?:1.8.0_181]
	at org.apache.jmeter.NewDriver.main(NewDriver.java:245) [ApacheJMeter.jar:4.0 r1823414]
Caused by: java.net.UnknownHostException: b: Name or service not known
	at java.net.Inet6AddressImpl.lookupAllHostAddr(Native Method) ~[?:1.8.0_181]
	at java.net.InetAddress$2.lookupAllHostAddr(InetAddress.java:928) ~[?:1.8.0_181]
	at java.net.InetAddress.getAddressesFromNameService(InetAddress.java:1323) ~[?:1.8.0_181]
	at java.net.InetAddress.getLocalHost(InetAddress.java:1500) ~[?:1.8.0_181]
	... 8 more
2018-08-26 20:31:25,126 ERROR o.a.j.u.JMeterUtils: Unable to get local host IP address.
java.net.UnknownHostException: b: b: Name or service not known
	at java.net.InetAddress.getLocalHost(InetAddress.java:1505) ~[?:1.8.0_181]
	at org.apache.jmeter.util.JMeterUtils.getLocalHostDetails(JMeterUtils.java:1066) [ApacheJMeter_core.jar:4.0 r1823414]
	at org.apache.jmeter.util.JMeterUtils.getLocalHostName(JMeterUtils.java:1045) [ApacheJMeter_core.jar:4.0 r1823414]
	at org.apache.jmeter.JMeter.start(JMeter.java:467) [ApacheJMeter_core.jar:4.0 r1823414]
	at sun.reflect.NativeMethodAccessorImpl.invoke0(Native Method) ~[?:1.8.0_181]
	at sun.reflect.NativeMethodAccessorImpl.invoke(NativeMethodAccessorImpl.java:62) ~[?:1.8.0_181]
	at sun.reflect.DelegatingMethodAccessorImpl.invoke(DelegatingMethodAccessorImpl.java:43) ~[?:1.8.0_181]
	at java.lang.reflect.Method.invoke(Method.java:498) ~[?:1.8.0_181]
	at org.apache.jmeter.NewDriver.main(NewDriver.java:245) [ApacheJMeter.jar:4.0 r1823414]
Caused by: java.net.UnknownHostException: b: Name or service not known
	at java.net.Inet6AddressImpl.lookupAllHostAddr(Native Method) ~[?:1.8.0_181]
	at java.net.InetAddress$2.lookupAllHostAddr(InetAddress.java:928) ~[?:1.8.0_181]
	at java.net.InetAddress.getAddressesFromNameService(InetAddress.java:1323) ~[?:1.8.0_181]
	at java.net.InetAddress.getLocalHost(InetAddress.java:1500) ~[?:1.8.0_181]
	... 8 more
2018-08-26 20:31:25,130 ERROR o.a.j.u.JMeterUtils: Unable to get local host IP address.
java.net.UnknownHostException: b: b: Name or service not known
	at java.net.InetAddress.getLocalHost(InetAddress.java:1505) ~[?:1.8.0_181]
	at org.apache.jmeter.util.JMeterUtils.getLocalHostDetails(JMeterUtils.java:1066) [ApacheJMeter_core.jar:4.0 r1823414]
	at org.apache.jmeter.util.JMeterUtils.getLocalHostFullName(JMeterUtils.java:1058) [ApacheJMeter_core.jar:4.0 r1823414]
	at org.apache.jmeter.JMeter.start(JMeter.java:468) [ApacheJMeter_core.jar:4.0 r1823414]
	at sun.reflect.NativeMethodAccessorImpl.invoke0(Native Method) ~[?:1.8.0_181]
	at sun.reflect.NativeMethodAccessorImpl.invoke(NativeMethodAccessorImpl.java:62) ~[?:1.8.0_181]
	at sun.reflect.DelegatingMethodAccessorImpl.invoke(DelegatingMethodAccessorImpl.java:43) ~[?:1.8.0_181]
	at java.lang.reflect.Method.invoke(Method.java:498) ~[?:1.8.0_181]
	at org.apache.jmeter.NewDriver.main(NewDriver.java:245) [ApacheJMeter.jar:4.0 r1823414]
Caused by: java.net.UnknownHostException: b: Name or service not known
	at java.net.Inet6AddressImpl.lookupAllHostAddr(Native Method) ~[?:1.8.0_181]
	at java.net.InetAddress$2.lookupAllHostAddr(InetAddress.java:928) ~[?:1.8.0_181]
	at java.net.InetAddress.getAddressesFromNameService(InetAddress.java:1323) ~[?:1.8.0_181]
	at java.net.InetAddress.getLocalHost(InetAddress.java:1500) ~[?:1.8.0_181]
	... 8 more
2018-08-26 20:31:25,131 INFO o.a.j.JMeter: IP: null Name: null FullName: null
2018-08-26 20:31:25,136 INFO o.a.j.s.FileServer: Default base='/home/ubuntu/jmeter_source_code/apache-jmeter-4.0/bin'
2018-08-26 20:31:25,150 INFO o.a.j.s.FileServer: Set new base='/home/ubuntu/jmeter_source_code/apache-jmeter-4.0/bin'
2018-08-26 20:31:25,357 INFO o.a.j.s.SaveService: Testplan (JMX) version: 2.2. Testlog (JTL) version: 2.2
2018-08-26 20:31:25,380 INFO o.a.j.s.SaveService: Using SaveService properties file encoding UTF-8
2018-08-26 20:31:25,386 INFO o.a.j.s.SaveService: Using SaveService properties version 4.0
2018-08-26 20:31:25,398 INFO o.a.j.s.SaveService: Loading file: test_plan_with_gateway_50.jmx
2018-08-26 20:31:25,494 INFO o.a.j.p.h.s.HTTPSamplerBase: Parser for text/html is org.apache.jmeter.protocol.http.parser.LagartoBasedHtmlParser
2018-08-26 20:31:25,495 INFO o.a.j.p.h.s.HTTPSamplerBase: Parser for application/xhtml+xml is org.apache.jmeter.protocol.http.parser.LagartoBasedHtmlParser
2018-08-26 20:31:25,495 INFO o.a.j.p.h.s.HTTPSamplerBase: Parser for application/xml is org.apache.jmeter.protocol.http.parser.LagartoBasedHtmlParser
2018-08-26 20:31:25,495 INFO o.a.j.p.h.s.HTTPSamplerBase: Parser for text/xml is org.apache.jmeter.protocol.http.parser.LagartoBasedHtmlParser
2018-08-26 20:31:25,495 INFO o.a.j.p.h.s.HTTPSamplerBase: Parser for text/vnd.wap.wml is org.apache.jmeter.protocol.http.parser.RegexpHTMLParser
2018-08-26 20:31:25,495 INFO o.a.j.p.h.s.HTTPSamplerBase: Parser for text/css is org.apache.jmeter.protocol.http.parser.CssParser
2018-08-26 20:31:25,614 INFO o.a.j.JMeter: Creating summariser <summary>
2018-08-26 20:31:25,629 INFO o.a.j.e.StandardJMeterEngine: Running the test!
2018-08-26 20:31:25,631 ERROR o.a.j.u.JMeterUtils: Unable to get local host IP address.
java.net.UnknownHostException: b: b: Name or service not known
	at java.net.InetAddress.getLocalHost(InetAddress.java:1505) ~[?:1.8.0_181]
	at org.apache.jmeter.util.JMeterUtils.getLocalHostDetails(JMeterUtils.java:1066) [ApacheJMeter_core.jar:4.0 r1823414]
	at org.apache.jmeter.util.JMeterUtils.getLocalHostName(JMeterUtils.java:1045) [ApacheJMeter_core.jar:4.0 r1823414]
	at org.apache.jmeter.samplers.SampleEvent.<clinit>(SampleEvent.java:52) [ApacheJMeter_core.jar:4.0 r1823414]
	at org.apache.jmeter.engine.StandardJMeterEngine.run(StandardJMeterEngine.java:360) [ApacheJMeter_core.jar:4.0 r1823414]
	at java.lang.Thread.run(Thread.java:748) [?:1.8.0_181]
Caused by: java.net.UnknownHostException: b: Name or service not known
	at java.net.Inet6AddressImpl.lookupAllHostAddr(Native Method) ~[?:1.8.0_181]
	at java.net.InetAddress$2.lookupAllHostAddr(InetAddress.java:928) ~[?:1.8.0_181]
	at java.net.InetAddress.getAddressesFromNameService(InetAddress.java:1323) ~[?:1.8.0_181]
	at java.net.InetAddress.getLocalHost(InetAddress.java:1500) ~[?:1.8.0_181]
	... 5 more
2018-08-26 20:31:25,632 INFO o.a.j.s.SampleEvent: List of sample_variables: []
2018-08-26 20:31:25,632 INFO o.a.j.s.SampleEvent: List of sample_variables: []
2018-08-26 20:31:25,640 INFO o.a.j.e.u.CompoundVariable: Note: Function class names must contain the string: '.functions.'
2018-08-26 20:31:25,640 INFO o.a.j.e.u.CompoundVariable: Note: Function class names must not contain the string: '.gui.'
2018-08-26 20:31:26,257 INFO o.a.j.JMeter: Running test (1535315486257)
2018-08-26 20:31:26,304 INFO o.a.j.e.StandardJMeterEngine: Starting ThreadGroup: 1 : Thread Group
2018-08-26 20:31:26,304 INFO o.a.j.e.StandardJMeterEngine: Starting 50 threads for group Thread Group.
2018-08-26 20:31:26,304 INFO o.a.j.e.StandardJMeterEngine: Thread will continue on error
2018-08-26 20:31:26,305 INFO o.a.j.t.ThreadGroup: Starting thread group... number=1 threads=50 ramp-up=120 perThread=2400.0 delayedStart=false
2018-08-26 20:31:26,399 INFO o.a.j.t.JMeterThread: Thread started: Thread Group 1-1
2018-08-26 20:31:26,403 WARN o.a.j.c.RandomVariableConfig: maximum(999999999999) - minimum(111111111111) must be <= 2147483647
2018-08-26 20:31:26,462 ERROR o.a.j.u.JMeterUtils: Unable to get local host IP address.
java.net.UnknownHostException: b: b: Name or service not known
	at java.net.InetAddress.getLocalHost(InetAddress.java:1505) ~[?:1.8.0_181]
	at org.apache.jmeter.util.JMeterUtils.getLocalHostDetails(JMeterUtils.java:1066) [ApacheJMeter_core.jar:4.0 r1823414]
	at org.apache.jmeter.util.JMeterUtils.getLocalHostName(JMeterUtils.java:1045) [ApacheJMeter_core.jar:4.0 r1823414]
	at org.apache.jmeter.protocol.http.sampler.HTTPHCAbstractImpl.<clinit>(HTTPHCAbstractImpl.java:115) [ApacheJMeter_http.jar:4.0 r1823414]
	at org.apache.jmeter.protocol.http.sampler.HTTPSamplerFactory.getImplementation(HTTPSamplerFactory.java:97) [ApacheJMeter_http.jar:4.0 r1823414]
	at org.apache.jmeter.protocol.http.sampler.HTTPSamplerProxy.sample(HTTPSamplerProxy.java:64) [ApacheJMeter_http.jar:4.0 r1823414]
	at org.apache.jmeter.protocol.http.sampler.HTTPSamplerBase.sample(HTTPSamplerBase.java:1189) [ApacheJMeter_http.jar:4.0 r1823414]
	at org.apache.jmeter.protocol.http.sampler.HTTPSamplerBase.sample(HTTPSamplerBase.java:1178) [ApacheJMeter_http.jar:4.0 r1823414]
	at org.apache.jmeter.threads.JMeterThread.executeSamplePackage(JMeterThread.java:490) [ApacheJMeter_core.jar:4.0 r1823414]
	at org.apache.jmeter.threads.JMeterThread.processSampler(JMeterThread.java:416) [ApacheJMeter_core.jar:4.0 r1823414]
	at org.apache.jmeter.threads.JMeterThread.run(JMeterThread.java:250) [ApacheJMeter_core.jar:4.0 r1823414]
	at java.lang.Thread.run(Thread.java:748) [?:1.8.0_181]
Caused by: java.net.UnknownHostException: b: Name or service not known
	at java.net.Inet6AddressImpl.lookupAllHostAddr(Native Method) ~[?:1.8.0_181]
	at java.net.InetAddress$2.lookupAllHostAddr(InetAddress.java:928) ~[?:1.8.0_181]
	at java.net.InetAddress.getAddressesFromNameService(InetAddress.java:1323) ~[?:1.8.0_181]
	at java.net.InetAddress.getLocalHost(InetAddress.java:1500) ~[?:1.8.0_181]
	... 11 more
2018-08-26 20:31:26,462 INFO o.a.j.p.h.s.HTTPHCAbstractImpl: Local host = null
2018-08-26 20:31:26,472 INFO o.a.j.p.h.s.HTTPHC4Impl: HTTP request retry count = 0
2018-08-26 20:31:26,488 INFO o.a.j.s.SampleResult: Note: Sample TimeStamps are START times
2018-08-26 20:31:26,488 INFO o.a.j.s.SampleResult: sampleresult.default.encoding is set to ISO-8859-1
2018-08-26 20:31:26,488 INFO o.a.j.s.SampleResult: sampleresult.useNanoTime=true
2018-08-26 20:31:26,488 INFO o.a.j.s.SampleResult: sampleresult.nanoThreadSleep=5000
2018-08-26 20:31:26,596 INFO o.a.j.t.ThreadGroup: Started thread group number 1
2018-08-26 20:31:26,597 INFO o.a.j.e.StandardJMeterEngine: All thread groups have been started
2018-08-26 20:31:28,796 INFO o.a.j.t.JMeterThread: Thread started: Thread Group 1-2
2018-08-26 20:31:28,798 WARN o.a.j.c.RandomVariableConfig: maximum(999999999999) - minimum(111111111111) must be <= 2147483647
2018-08-26 20:31:30,049 INFO o.a.j.r.Summariser: summary +     30 in 00:00:04 =    7.9/s Avg:   122 Min:    18 Max:  1484 Err:     0 (0.00%) Active: 2 Started: 2 Finished: 0
2018-08-26 20:31:31,202 INFO o.a.j.t.JMeterThread: Thread started: Thread Group 1-3
2018-08-26 20:31:31,203 WARN o.a.j.c.RandomVariableConfig: maximum(999999999999) - minimum(111111111111) must be <= 2147483647
2018-08-26 20:31:33,604 INFO o.a.j.t.JMeterThread: Thread started: Thread Group 1-4
2018-08-26 20:31:33,605 WARN o.a.j.c.RandomVariableConfig: maximum(999999999999) - minimum(111111111111) must be <= 2147483647
2018-08-26 20:31:35,997 INFO o.a.j.t.JMeterThread: Thread started: Thread Group 1-5
2018-08-26 20:31:35,998 WARN o.a.j.c.RandomVariableConfig: maximum(999999999999) - minimum(111111111111) must be <= 2147483647
2018-08-26 20:31:38,400 INFO o.a.j.t.JMeterThread: Thread started: Thread Group 1-6
2018-08-26 20:31:38,401 WARN o.a.j.c.RandomVariableConfig: maximum(999999999999) - minimum(111111111111) must be <= 2147483647
2018-08-26 20:31:40,810 INFO o.a.j.t.JMeterThread: Thread started: Thread Group 1-7
2018-08-26 20:31:40,811 WARN o.a.j.c.RandomVariableConfig: maximum(999999999999) - minimum(111111111111) must be <= 2147483647
2018-08-26 20:31:43,202 INFO o.a.j.t.JMeterThread: Thread started: Thread Group 1-8
2018-08-26 20:31:43,204 WARN o.a.j.c.RandomVariableConfig: maximum(999999999999) - minimum(111111111111) must be <= 2147483647
2018-08-26 20:31:45,604 INFO o.a.j.t.JMeterThread: Thread started: Thread Group 1-9
2018-08-26 20:31:45,605 WARN o.a.j.c.RandomVariableConfig: maximum(999999999999) - minimum(111111111111) must be <= 2147483647
2018-08-26 20:31:47,997 INFO o.a.j.t.JMeterThread: Thread started: Thread Group 1-10
2018-08-26 20:31:47,998 WARN o.a.j.c.RandomVariableConfig: maximum(999999999999) - minimum(111111111111) must be <= 2147483647
2018-08-26 20:31:50,411 INFO o.a.j.t.JMeterThread: Thread started: Thread Group 1-11
2018-08-26 20:31:50,412 WARN o.a.j.c.RandomVariableConfig: maximum(999999999999) - minimum(111111111111) must be <= 2147483647
2018-08-26 20:31:52,825 INFO o.a.j.t.JMeterThread: Thread started: Thread Group 1-12
2018-08-26 20:31:52,826 WARN o.a.j.c.RandomVariableConfig: maximum(999999999999) - minimum(111111111111) must be <= 2147483647
2018-08-26 20:31:55,234 INFO o.a.j.t.JMeterThread: Thread started: Thread Group 1-13
2018-08-26 20:31:55,235 WARN o.a.j.c.RandomVariableConfig: maximum(999999999999) - minimum(111111111111) must be <= 2147483647
2018-08-26 20:31:57,640 INFO o.a.j.t.JMeterThread: Thread started: Thread Group 1-14
2018-08-26 20:31:57,641 WARN o.a.j.c.RandomVariableConfig: maximum(999999999999) - minimum(111111111111) must be <= 2147483647
2018-08-26 20:32:00,003 INFO o.a.j.r.Summariser: summary +   2310 in 00:00:30 =   77.1/s Avg:   104 Min:    13 Max:  3208 Err:     0 (0.00%) Active: 14 Started: 14 Finished: 0
2018-08-26 20:32:00,008 INFO o.a.j.r.Summariser: summary =   2340 in 00:00:34 =   69.3/s Avg:   104 Min:    13 Max:  3208 Err:     0 (0.00%)
2018-08-26 20:32:00,042 INFO o.a.j.t.JMeterThread: Thread started: Thread Group 1-15
2018-08-26 20:32:00,043 WARN o.a.j.c.RandomVariableConfig: maximum(999999999999) - minimum(111111111111) must be <= 2147483647
2018-08-26 20:32:02,481 INFO o.a.j.t.JMeterThread: Thread started: Thread Group 1-16
2018-08-26 20:32:02,482 WARN o.a.j.c.RandomVariableConfig: maximum(999999999999) - minimum(111111111111) must be <= 2147483647
2018-08-26 20:32:04,849 INFO o.a.j.t.JMeterThread: Thread started: Thread Group 1-17
2018-08-26 20:32:04,850 WARN o.a.j.c.RandomVariableConfig: maximum(999999999999) - minimum(111111111111) must be <= 2147483647
2018-08-26 20:32:07,250 INFO o.a.j.t.JMeterThread: Thread started: Thread Group 1-18
2018-08-26 20:32:07,251 WARN o.a.j.c.RandomVariableConfig: maximum(999999999999) - minimum(111111111111) must be <= 2147483647
2018-08-26 20:32:09,652 INFO o.a.j.t.JMeterThread: Thread started: Thread Group 1-19
2018-08-26 20:32:09,653 WARN o.a.j.c.RandomVariableConfig: maximum(999999999999) - minimum(111111111111) must be <= 2147483647
2018-08-26 20:32:12,053 INFO o.a.j.t.JMeterThread: Thread started: Thread Group 1-20
2018-08-26 20:32:12,054 WARN o.a.j.c.RandomVariableConfig: maximum(999999999999) - minimum(111111111111) must be <= 2147483647
2018-08-26 20:32:14,481 INFO o.a.j.t.JMeterThread: Thread started: Thread Group 1-21
2018-08-26 20:32:14,489 WARN o.a.j.c.RandomVariableConfig: maximum(999999999999) - minimum(111111111111) must be <= 2147483647
2018-08-26 20:32:16,856 INFO o.a.j.t.JMeterThread: Thread started: Thread Group 1-22
2018-08-26 20:32:16,858 WARN o.a.j.c.RandomVariableConfig: maximum(999999999999) - minimum(111111111111) must be <= 2147483647
2018-08-26 20:32:19,259 INFO o.a.j.t.JMeterThread: Thread started: Thread Group 1-23
2018-08-26 20:32:19,260 WARN o.a.j.c.RandomVariableConfig: maximum(999999999999) - minimum(111111111111) must be <= 2147483647
2018-08-26 20:32:21,660 INFO o.a.j.t.JMeterThread: Thread started: Thread Group 1-24
2018-08-26 20:32:21,661 WARN o.a.j.c.RandomVariableConfig: maximum(999999999999) - minimum(111111111111) must be <= 2147483647
2018-08-26 20:32:24,062 INFO o.a.j.t.JMeterThread: Thread started: Thread Group 1-25
2018-08-26 20:32:24,063 WARN o.a.j.c.RandomVariableConfig: maximum(999999999999) - minimum(111111111111) must be <= 2147483647
2018-08-26 20:32:26,462 INFO o.a.j.t.JMeterThread: Thread started: Thread Group 1-26
2018-08-26 20:32:26,464 WARN o.a.j.c.RandomVariableConfig: maximum(999999999999) - minimum(111111111111) must be <= 2147483647
2018-08-26 20:32:28,872 INFO o.a.j.t.JMeterThread: Thread started: Thread Group 1-27
2018-08-26 20:32:28,874 WARN o.a.j.c.RandomVariableConfig: maximum(999999999999) - minimum(111111111111) must be <= 2147483647
2018-08-26 20:32:30,017 INFO o.a.j.r.Summariser: summary +   3642 in 00:00:30 =  121.3/s Avg:   170 Min:    13 Max:  5297 Err:     0 (0.00%) Active: 27 Started: 27 Finished: 0
2018-08-26 20:32:30,019 INFO o.a.j.r.Summariser: summary =   5982 in 00:01:04 =   93.8/s Avg:   144 Min:    13 Max:  5297 Err:     0 (0.00%)
2018-08-26 20:32:31,277 INFO o.a.j.t.JMeterThread: Thread started: Thread Group 1-28
2018-08-26 20:32:31,278 WARN o.a.j.c.RandomVariableConfig: maximum(999999999999) - minimum(111111111111) must be <= 2147483647
2018-08-26 20:32:33,676 INFO o.a.j.t.JMeterThread: Thread started: Thread Group 1-29
2018-08-26 20:32:33,677 WARN o.a.j.c.RandomVariableConfig: maximum(999999999999) - minimum(111111111111) must be <= 2147483647
2018-08-26 20:32:36,080 INFO o.a.j.t.JMeterThread: Thread started: Thread Group 1-30
2018-08-26 20:32:36,082 WARN o.a.j.c.RandomVariableConfig: maximum(999999999999) - minimum(111111111111) must be <= 2147483647
2018-08-26 20:32:38,489 INFO o.a.j.t.JMeterThread: Thread started: Thread Group 1-31
2018-08-26 20:32:38,490 WARN o.a.j.c.RandomVariableConfig: maximum(999999999999) - minimum(111111111111) must be <= 2147483647
2018-08-26 20:32:40,891 INFO o.a.j.t.JMeterThread: Thread started: Thread Group 1-32
2018-08-26 20:32:40,892 WARN o.a.j.c.RandomVariableConfig: maximum(999999999999) - minimum(111111111111) must be <= 2147483647
2018-08-26 20:32:43,306 INFO o.a.j.t.JMeterThread: Thread started: Thread Group 1-33
2018-08-26 20:32:43,307 WARN o.a.j.c.RandomVariableConfig: maximum(999999999999) - minimum(111111111111) must be <= 2147483647
2018-08-26 20:32:45,708 INFO o.a.j.t.JMeterThread: Thread started: Thread Group 1-34
2018-08-26 20:32:45,716 WARN o.a.j.c.RandomVariableConfig: maximum(999999999999) - minimum(111111111111) must be <= 2147483647
2018-08-26 20:32:48,117 INFO o.a.j.t.JMeterThread: Thread started: Thread Group 1-35
2018-08-26 20:32:48,118 WARN o.a.j.c.RandomVariableConfig: maximum(999999999999) - minimum(111111111111) must be <= 2147483647
2018-08-26 20:32:50,528 INFO o.a.j.t.JMeterThread: Thread started: Thread Group 1-36
2018-08-26 20:32:50,529 WARN o.a.j.c.RandomVariableConfig: maximum(999999999999) - minimum(111111111111) must be <= 2147483647
2018-08-26 20:32:52,933 INFO o.a.j.t.JMeterThread: Thread started: Thread Group 1-37
2018-08-26 20:32:52,936 WARN o.a.j.c.RandomVariableConfig: maximum(999999999999) - minimum(111111111111) must be <= 2147483647
2018-08-26 20:32:55,339 INFO o.a.j.t.JMeterThread: Thread started: Thread Group 1-38
2018-08-26 20:32:55,340 WARN o.a.j.c.RandomVariableConfig: maximum(999999999999) - minimum(111111111111) must be <= 2147483647
2018-08-26 20:32:57,740 INFO o.a.j.t.JMeterThread: Thread started: Thread Group 1-39
2018-08-26 20:32:57,741 WARN o.a.j.c.RandomVariableConfig: maximum(999999999999) - minimum(111111111111) must be <= 2147483647
2018-08-26 20:33:00,007 INFO o.a.j.r.Summariser: summary +   3569 in 00:00:30 =  119.0/s Avg:   273 Min:    15 Max:  5718 Err:     0 (0.00%) Active: 39 Started: 39 Finished: 0
2018-08-26 20:33:00,008 INFO o.a.j.r.Summariser: summary =   9551 in 00:01:34 =  101.9/s Avg:   192 Min:    13 Max:  5718 Err:     0 (0.00%)
2018-08-26 20:33:00,157 INFO o.a.j.t.JMeterThread: Thread started: Thread Group 1-40
2018-08-26 20:33:00,159 WARN o.a.j.c.RandomVariableConfig: maximum(999999999999) - minimum(111111111111) must be <= 2147483647
2018-08-26 20:33:02,551 INFO o.a.j.t.JMeterThread: Thread started: Thread Group 1-41
2018-08-26 20:33:02,552 WARN o.a.j.c.RandomVariableConfig: maximum(999999999999) - minimum(111111111111) must be <= 2147483647
2018-08-26 20:33:04,957 INFO o.a.j.t.JMeterThread: Thread started: Thread Group 1-42
2018-08-26 20:33:04,958 WARN o.a.j.c.RandomVariableConfig: maximum(999999999999) - minimum(111111111111) must be <= 2147483647
2018-08-26 20:33:07,373 INFO o.a.j.t.JMeterThread: Thread started: Thread Group 1-43
2018-08-26 20:33:07,375 WARN o.a.j.c.RandomVariableConfig: maximum(999999999999) - minimum(111111111111) must be <= 2147483647
2018-08-26 20:33:09,777 INFO o.a.j.t.JMeterThread: Thread started: Thread Group 1-44
2018-08-26 20:33:09,778 WARN o.a.j.c.RandomVariableConfig: maximum(999999999999) - minimum(111111111111) must be <= 2147483647
2018-08-26 20:33:12,182 INFO o.a.j.t.JMeterThread: Thread started: Thread Group 1-45
2018-08-26 20:33:12,184 WARN o.a.j.c.RandomVariableConfig: maximum(999999999999) - minimum(111111111111) must be <= 2147483647
2018-08-26 20:33:14,583 INFO o.a.j.t.JMeterThread: Thread started: Thread Group 1-46
2018-08-26 20:33:14,585 WARN o.a.j.c.RandomVariableConfig: maximum(999999999999) - minimum(111111111111) must be <= 2147483647
2018-08-26 20:33:16,990 INFO o.a.j.t.JMeterThread: Thread started: Thread Group 1-47
2018-08-26 20:33:16,992 WARN o.a.j.c.RandomVariableConfig: maximum(999999999999) - minimum(111111111111) must be <= 2147483647
2018-08-26 20:33:19,390 INFO o.a.j.t.JMeterThread: Thread started: Thread Group 1-48
2018-08-26 20:33:19,391 WARN o.a.j.c.RandomVariableConfig: maximum(999999999999) - minimum(111111111111) must be <= 2147483647
2018-08-26 20:33:21,794 INFO o.a.j.t.JMeterThread: Thread started: Thread Group 1-49
2018-08-26 20:33:21,797 WARN o.a.j.c.RandomVariableConfig: maximum(999999999999) - minimum(111111111111) must be <= 2147483647
2018-08-26 20:33:24,202 INFO o.a.j.t.JMeterThread: Thread started: Thread Group 1-50
2018-08-26 20:33:24,203 WARN o.a.j.c.RandomVariableConfig: maximum(999999999999) - minimum(111111111111) must be <= 2147483647
2018-08-26 20:33:30,001 INFO o.a.j.r.Summariser: summary +   3285 in 00:00:30 =  109.5/s Avg:   412 Min:    15 Max:  6410 Err:     0 (0.00%) Active: 50 Started: 50 Finished: 0
2018-08-26 20:33:30,003 INFO o.a.j.r.Summariser: summary =  12836 in 00:02:04 =  103.7/s Avg:   248 Min:    13 Max:  6410 Err:     0 (0.00%)
2018-08-26 20:34:00,002 INFO o.a.j.r.Summariser: summary +   3592 in 00:00:30 =  119.7/s Avg:   418 Min:    16 Max: 10233 Err:     1 (0.03%) Active: 50 Started: 50 Finished: 0
2018-08-26 20:34:00,005 INFO o.a.j.r.Summariser: summary =  16428 in 00:02:34 =  106.9/s Avg:   286 Min:    13 Max: 10233 Err:     1 (0.01%)
2018-08-26 20:34:30,005 INFO o.a.j.r.Summariser: summary +   3402 in 00:00:30 =  113.4/s Avg:   439 Min:    13 Max: 10056 Err:     1 (0.03%) Active: 50 Started: 50 Finished: 0
2018-08-26 20:34:30,008 INFO o.a.j.r.Summariser: summary =  19830 in 00:03:04 =  107.9/s Avg:   312 Min:    13 Max: 10233 Err:     2 (0.01%)
2018-08-26 20:35:00,004 INFO o.a.j.r.Summariser: summary +   3483 in 00:00:30 =  116.1/s Avg:   431 Min:    12 Max:  7499 Err:     0 (0.00%) Active: 50 Started: 50 Finished: 0
2018-08-26 20:35:00,006 INFO o.a.j.r.Summariser: summary =  23313 in 00:03:34 =  109.1/s Avg:   330 Min:    12 Max: 10233 Err:     2 (0.01%)
2018-08-26 20:35:30,004 INFO o.a.j.r.Summariser: summary +   3420 in 00:00:30 =  114.0/s Avg:   438 Min:    13 Max:  7538 Err:     0 (0.00%) Active: 50 Started: 50 Finished: 0
2018-08-26 20:35:30,007 INFO o.a.j.r.Summariser: summary =  26733 in 00:04:04 =  109.7/s Avg:   344 Min:    12 Max: 10233 Err:     2 (0.01%)
2018-08-26 20:36:00,008 INFO o.a.j.r.Summariser: summary +   3353 in 00:00:30 =  111.8/s Avg:   445 Min:    13 Max:  6963 Err:     0 (0.00%) Active: 50 Started: 50 Finished: 0
2018-08-26 20:36:00,010 INFO o.a.j.r.Summariser: summary =  30086 in 00:04:34 =  109.9/s Avg:   355 Min:    12 Max: 10233 Err:     2 (0.01%)
2018-08-26 20:36:30,005 INFO o.a.j.r.Summariser: summary +   3393 in 00:00:30 =  113.1/s Avg:   443 Min:    13 Max:  7286 Err:     0 (0.00%) Active: 50 Started: 50 Finished: 0
2018-08-26 20:36:30,014 INFO o.a.j.r.Summariser: summary =  33479 in 00:05:04 =  110.2/s Avg:   364 Min:    12 Max: 10233 Err:     2 (0.01%)
2018-08-26 20:37:00,053 INFO o.a.j.r.Summariser: summary +   3272 in 00:00:30 =  108.9/s Avg:   456 Min:    13 Max:  7954 Err:     0 (0.00%) Active: 50 Started: 50 Finished: 0
2018-08-26 20:37:00,055 INFO o.a.j.r.Summariser: summary =  36751 in 00:05:34 =  110.1/s Avg:   372 Min:    12 Max: 10233 Err:     2 (0.01%)
2018-08-26 20:37:30,005 INFO o.a.j.r.Summariser: summary +   3416 in 00:00:30 =  114.0/s Avg:   440 Min:    15 Max:  7302 Err:     0 (0.00%) Active: 50 Started: 50 Finished: 0
2018-08-26 20:37:30,008 INFO o.a.j.r.Summariser: summary =  40167 in 00:06:04 =  110.4/s Avg:   378 Min:    12 Max: 10233 Err:     2 (0.00%)
2018-08-26 20:38:00,008 INFO o.a.j.r.Summariser: summary +   3435 in 00:00:30 =  114.5/s Avg:   437 Min:    13 Max:  7020 Err:     0 (0.00%) Active: 50 Started: 50 Finished: 0
2018-08-26 20:38:00,010 INFO o.a.j.r.Summariser: summary =  43602 in 00:06:34 =  110.7/s Avg:   382 Min:    12 Max: 10233 Err:     2 (0.00%)
2018-08-26 20:38:30,007 INFO o.a.j.r.Summariser: summary +   3325 in 00:00:30 =  110.8/s Avg:   450 Min:    14 Max:  7550 Err:     0 (0.00%) Active: 50 Started: 50 Finished: 0
2018-08-26 20:38:30,010 INFO o.a.j.r.Summariser: summary =  46927 in 00:07:04 =  110.7/s Avg:   387 Min:    12 Max: 10233 Err:     2 (0.00%)
2018-08-26 20:39:00,004 INFO o.a.j.r.Summariser: summary +   3329 in 00:00:30 =  111.0/s Avg:   449 Min:    16 Max:  7767 Err:     0 (0.00%) Active: 50 Started: 50 Finished: 0
2018-08-26 20:39:00,005 INFO o.a.j.r.Summariser: summary =  50256 in 00:07:34 =  110.8/s Avg:   391 Min:    12 Max: 10233 Err:     2 (0.00%)
2018-08-26 20:39:30,017 INFO o.a.j.r.Summariser: summary +   3465 in 00:00:30 =  115.4/s Avg:   434 Min:    14 Max:  7576 Err:     0 (0.00%) Active: 50 Started: 50 Finished: 0
2018-08-26 20:39:30,019 INFO o.a.j.r.Summariser: summary =  53721 in 00:08:04 =  111.0/s Avg:   394 Min:    12 Max: 10233 Err:     2 (0.00%)
2018-08-26 20:40:00,014 INFO o.a.j.r.Summariser: summary +   3075 in 00:00:30 =  102.5/s Avg:   487 Min:    14 Max:  8533 Err:     0 (0.00%) Active: 50 Started: 50 Finished: 0
2018-08-26 20:40:00,015 INFO o.a.j.r.Summariser: summary =  56796 in 00:08:34 =  110.6/s Avg:   399 Min:    12 Max: 10233 Err:     2 (0.00%)
2018-08-26 20:40:30,013 INFO o.a.j.r.Summariser: summary +   3354 in 00:00:30 =  111.8/s Avg:   448 Min:    14 Max:  6520 Err:     0 (0.00%) Active: 50 Started: 50 Finished: 0
2018-08-26 20:40:30,029 INFO o.a.j.r.Summariser: summary =  60150 in 00:09:04 =  110.6/s Avg:   402 Min:    12 Max: 10233 Err:     2 (0.00%)
2018-08-26 20:41:00,006 INFO o.a.j.r.Summariser: summary +   3327 in 00:00:30 =  110.9/s Avg:   449 Min:    13 Max:  5386 Err:     0 (0.00%) Active: 50 Started: 50 Finished: 0
2018-08-26 20:41:00,010 INFO o.a.j.r.Summariser: summary =  63477 in 00:09:34 =  110.6/s Avg:   404 Min:    12 Max: 10233 Err:     2 (0.00%)
2018-08-26 20:41:26,312 INFO o.a.j.t.JMeterThread: Stopping because end time detected by thread: Thread Group 1-41
2018-08-26 20:41:26,315 INFO o.a.j.t.JMeterThread: Thread finished: Thread Group 1-41
2018-08-26 20:41:26,322 INFO o.a.j.t.JMeterThread: Stopping because end time detected by thread: Thread Group 1-47
2018-08-26 20:41:26,323 INFO o.a.j.t.JMeterThread: Thread finished: Thread Group 1-47
2018-08-26 20:41:26,338 INFO o.a.j.t.JMeterThread: Stopping because end time detected by thread: Thread Group 1-2
2018-08-26 20:41:26,338 INFO o.a.j.t.JMeterThread: Thread finished: Thread Group 1-2
2018-08-26 20:41:26,349 INFO o.a.j.t.JMeterThread: Stopping because end time detected by thread: Thread Group 1-14
2018-08-26 20:41:26,349 INFO o.a.j.t.JMeterThread: Thread finished: Thread Group 1-14
2018-08-26 20:41:26,396 INFO o.a.j.t.JMeterThread: Stopping because end time detected by thread: Thread Group 1-17
2018-08-26 20:41:26,396 INFO o.a.j.t.JMeterThread: Thread finished: Thread Group 1-17
2018-08-26 20:41:26,398 INFO o.a.j.t.JMeterThread: Stopping because end time detected by thread: Thread Group 1-28
2018-08-26 20:41:26,398 INFO o.a.j.t.JMeterThread: Thread finished: Thread Group 1-28
2018-08-26 20:41:26,399 INFO o.a.j.t.JMeterThread: Stopping because end time detected by thread: Thread Group 1-8
2018-08-26 20:41:26,399 INFO o.a.j.t.JMeterThread: Thread finished: Thread Group 1-8
2018-08-26 20:41:26,411 INFO o.a.j.t.JMeterThread: Stopping because end time detected by thread: Thread Group 1-21
2018-08-26 20:41:26,411 INFO o.a.j.t.JMeterThread: Thread finished: Thread Group 1-21
2018-08-26 20:41:26,414 INFO o.a.j.t.JMeterThread: Stopping because end time detected by thread: Thread Group 1-15
2018-08-26 20:41:26,415 INFO o.a.j.t.JMeterThread: Thread finished: Thread Group 1-15
2018-08-26 20:41:26,416 INFO o.a.j.t.JMeterThread: Stopping because end time detected by thread: Thread Group 1-9
2018-08-26 20:41:26,416 INFO o.a.j.t.JMeterThread: Thread finished: Thread Group 1-9
2018-08-26 20:41:26,429 INFO o.a.j.t.JMeterThread: Stopping because end time detected by thread: Thread Group 1-25
2018-08-26 20:41:26,429 INFO o.a.j.t.JMeterThread: Thread finished: Thread Group 1-25
2018-08-26 20:41:26,447 INFO o.a.j.t.JMeterThread: Stopping because end time detected by thread: Thread Group 1-30
2018-08-26 20:41:26,448 INFO o.a.j.t.JMeterThread: Thread finished: Thread Group 1-30
2018-08-26 20:41:26,468 INFO o.a.j.t.JMeterThread: Stopping because end time detected by thread: Thread Group 1-50
2018-08-26 20:41:26,468 INFO o.a.j.t.JMeterThread: Thread finished: Thread Group 1-50
2018-08-26 20:41:26,475 INFO o.a.j.t.JMeterThread: Stopping because end time detected by thread: Thread Group 1-4
2018-08-26 20:41:26,475 INFO o.a.j.t.JMeterThread: Thread finished: Thread Group 1-4
2018-08-26 20:41:26,490 INFO o.a.j.t.JMeterThread: Stopping because end time detected by thread: Thread Group 1-1
2018-08-26 20:41:26,491 INFO o.a.j.t.JMeterThread: Thread finished: Thread Group 1-1
2018-08-26 20:41:26,494 INFO o.a.j.t.JMeterThread: Stopping because end time detected by thread: Thread Group 1-26
2018-08-26 20:41:26,494 INFO o.a.j.t.JMeterThread: Thread finished: Thread Group 1-26
2018-08-26 20:41:26,515 INFO o.a.j.t.JMeterThread: Stopping because end time detected by thread: Thread Group 1-24
2018-08-26 20:41:26,515 INFO o.a.j.t.JMeterThread: Thread finished: Thread Group 1-24
2018-08-26 20:41:26,528 INFO o.a.j.t.JMeterThread: Stopping because end time detected by thread: Thread Group 1-49
2018-08-26 20:41:26,528 INFO o.a.j.t.JMeterThread: Thread finished: Thread Group 1-49
2018-08-26 20:41:26,547 INFO o.a.j.t.JMeterThread: Stopping because end time detected by thread: Thread Group 1-20
2018-08-26 20:41:26,547 INFO o.a.j.t.JMeterThread: Thread finished: Thread Group 1-20
2018-08-26 20:41:26,550 INFO o.a.j.t.JMeterThread: Stopping because end time detected by thread: Thread Group 1-19
2018-08-26 20:41:26,550 INFO o.a.j.t.JMeterThread: Thread finished: Thread Group 1-19
2018-08-26 20:41:26,597 INFO o.a.j.t.JMeterThread: Stopping because end time detected by thread: Thread Group 1-36
2018-08-26 20:41:26,597 INFO o.a.j.t.JMeterThread: Thread finished: Thread Group 1-36
2018-08-26 20:41:26,642 INFO o.a.j.t.JMeterThread: Stopping because end time detected by thread: Thread Group 1-10
2018-08-26 20:41:26,642 INFO o.a.j.t.JMeterThread: Thread finished: Thread Group 1-10
2018-08-26 20:41:26,663 INFO o.a.j.t.JMeterThread: Stopping because end time detected by thread: Thread Group 1-34
2018-08-26 20:41:26,663 INFO o.a.j.t.JMeterThread: Thread finished: Thread Group 1-34
2018-08-26 20:41:26,668 INFO o.a.j.t.JMeterThread: Stopping because end time detected by thread: Thread Group 1-46
2018-08-26 20:41:26,668 INFO o.a.j.t.JMeterThread: Thread finished: Thread Group 1-46
2018-08-26 20:41:26,670 INFO o.a.j.t.JMeterThread: Stopping because end time detected by thread: Thread Group 1-16
2018-08-26 20:41:26,670 INFO o.a.j.t.JMeterThread: Thread finished: Thread Group 1-16
2018-08-26 20:41:26,675 INFO o.a.j.t.JMeterThread: Stopping because end time detected by thread: Thread Group 1-32
2018-08-26 20:41:26,675 INFO o.a.j.t.JMeterThread: Thread finished: Thread Group 1-32
2018-08-26 20:41:26,678 INFO o.a.j.t.JMeterThread: Stopping because end time detected by thread: Thread Group 1-33
2018-08-26 20:41:26,679 INFO o.a.j.t.JMeterThread: Thread finished: Thread Group 1-33
2018-08-26 20:41:26,699 INFO o.a.j.t.JMeterThread: Stopping because end time detected by thread: Thread Group 1-42
2018-08-26 20:41:26,699 INFO o.a.j.t.JMeterThread: Thread finished: Thread Group 1-42
2018-08-26 20:41:26,710 INFO o.a.j.t.JMeterThread: Stopping because end time detected by thread: Thread Group 1-3
2018-08-26 20:41:26,710 INFO o.a.j.t.JMeterThread: Thread finished: Thread Group 1-3
2018-08-26 20:41:26,710 INFO o.a.j.t.JMeterThread: Stopping because end time detected by thread: Thread Group 1-44
2018-08-26 20:41:26,710 INFO o.a.j.t.JMeterThread: Thread finished: Thread Group 1-44
2018-08-26 20:41:26,716 INFO o.a.j.t.JMeterThread: Stopping because end time detected by thread: Thread Group 1-13
2018-08-26 20:41:26,717 INFO o.a.j.t.JMeterThread: Thread finished: Thread Group 1-13
2018-08-26 20:41:26,718 INFO o.a.j.t.JMeterThread: Stopping because end time detected by thread: Thread Group 1-45
2018-08-26 20:41:26,718 INFO o.a.j.t.JMeterThread: Thread finished: Thread Group 1-45
2018-08-26 20:41:26,723 INFO o.a.j.t.JMeterThread: Stopping because end time detected by thread: Thread Group 1-48
2018-08-26 20:41:26,724 INFO o.a.j.t.JMeterThread: Thread finished: Thread Group 1-48
2018-08-26 20:41:26,737 INFO o.a.j.t.JMeterThread: Stopping because end time detected by thread: Thread Group 1-5
2018-08-26 20:41:26,738 INFO o.a.j.t.JMeterThread: Thread finished: Thread Group 1-5
2018-08-26 20:41:26,743 INFO o.a.j.t.JMeterThread: Stopping because end time detected by thread: Thread Group 1-27
2018-08-26 20:41:26,743 INFO o.a.j.t.JMeterThread: Thread finished: Thread Group 1-27
2018-08-26 20:41:26,757 INFO o.a.j.t.JMeterThread: Stopping because end time detected by thread: Thread Group 1-31
2018-08-26 20:41:26,758 INFO o.a.j.t.JMeterThread: Thread finished: Thread Group 1-31
2018-08-26 20:41:26,762 INFO o.a.j.t.JMeterThread: Stopping because end time detected by thread: Thread Group 1-40
2018-08-26 20:41:26,763 INFO o.a.j.t.JMeterThread: Thread finished: Thread Group 1-40
2018-08-26 20:41:26,772 INFO o.a.j.t.JMeterThread: Stopping because end time detected by thread: Thread Group 1-11
2018-08-26 20:41:26,772 INFO o.a.j.t.JMeterThread: Thread finished: Thread Group 1-11
2018-08-26 20:41:26,785 INFO o.a.j.t.JMeterThread: Stopping because end time detected by thread: Thread Group 1-39
2018-08-26 20:41:26,785 INFO o.a.j.t.JMeterThread: Thread finished: Thread Group 1-39
2018-08-26 20:41:26,788 INFO o.a.j.t.JMeterThread: Stopping because end time detected by thread: Thread Group 1-38
2018-08-26 20:41:26,788 INFO o.a.j.t.JMeterThread: Thread finished: Thread Group 1-38
2018-08-26 20:41:26,795 INFO o.a.j.t.JMeterThread: Stopping because end time detected by thread: Thread Group 1-23
2018-08-26 20:41:26,795 INFO o.a.j.t.JMeterThread: Thread finished: Thread Group 1-23
2018-08-26 20:41:26,795 INFO o.a.j.t.JMeterThread: Stopping because end time detected by thread: Thread Group 1-35
2018-08-26 20:41:26,795 INFO o.a.j.t.JMeterThread: Thread finished: Thread Group 1-35
2018-08-26 20:41:26,795 INFO o.a.j.t.JMeterThread: Stopping because end time detected by thread: Thread Group 1-29
2018-08-26 20:41:26,796 INFO o.a.j.t.JMeterThread: Thread finished: Thread Group 1-29
2018-08-26 20:41:26,797 INFO o.a.j.t.JMeterThread: Stopping because end time detected by thread: Thread Group 1-43
2018-08-26 20:41:26,797 INFO o.a.j.t.JMeterThread: Thread finished: Thread Group 1-43
2018-08-26 20:41:26,823 INFO o.a.j.t.JMeterThread: Stopping because end time detected by thread: Thread Group 1-22
2018-08-26 20:41:26,823 INFO o.a.j.t.JMeterThread: Thread finished: Thread Group 1-22
2018-08-26 20:41:26,831 INFO o.a.j.t.JMeterThread: Stopping because end time detected by thread: Thread Group 1-37
2018-08-26 20:41:26,831 INFO o.a.j.t.JMeterThread: Thread finished: Thread Group 1-37
2018-08-26 20:41:27,082 INFO o.a.j.t.JMeterThread: Stopping because end time detected by thread: Thread Group 1-7
2018-08-26 20:41:27,082 INFO o.a.j.t.JMeterThread: Thread finished: Thread Group 1-7
2018-08-26 20:41:27,420 INFO o.a.j.t.JMeterThread: Stopping because end time detected by thread: Thread Group 1-6
2018-08-26 20:41:27,420 INFO o.a.j.t.JMeterThread: Thread finished: Thread Group 1-6
2018-08-26 20:41:27,846 INFO o.a.j.t.JMeterThread: Stopping because end time detected by thread: Thread Group 1-18
2018-08-26 20:41:27,846 INFO o.a.j.t.JMeterThread: Thread finished: Thread Group 1-18
2018-08-26 20:41:30,554 INFO o.a.j.r.Summariser: summary +   2954 in 00:00:31 =   96.7/s Avg:   463 Min:    13 Max:  6607 Err:     0 (0.00%) Active: 1 Started: 50 Finished: 49
2018-08-26 20:41:30,555 INFO o.a.j.r.Summariser: summary =  66431 in 00:10:04 =  109.9/s Avg:   407 Min:    12 Max: 10233 Err:     2 (0.00%)
2018-08-26 20:41:30,555 INFO o.a.j.t.JMeterThread: Stopping because end time detected by thread: Thread Group 1-12
2018-08-26 20:41:30,555 INFO o.a.j.t.JMeterThread: Thread finished: Thread Group 1-12
2018-08-26 20:41:30,643 INFO o.a.j.e.StandardJMeterEngine: Notifying test listeners of end of test
2018-08-26 20:41:30,648 INFO o.a.j.r.Summariser: summary =  66431 in 00:10:04 =  109.9/s Avg:   407 Min:    12 Max: 10233 Err:     2 (0.00%)
